{"/home/moreillon/node/cms/cms.js":{"path":"/home/moreillon/node/cms/cms.js","statementMap":{"0":{"start":{"line":2,"column":13},"end":{"line":2,"column":28}},"1":{"start":{"line":3,"column":16},"end":{"line":3,"column":34}},"2":{"start":{"line":4,"column":13},"end":{"line":4,"column":28}},"3":{"start":{"line":5,"column":19},"end":{"line":5,"column":41}},"4":{"start":{"line":6,"column":15},"end":{"line":6,"column":32}},"5":{"start":{"line":7,"column":14},"end":{"line":7,"column":39}},"6":{"start":{"line":12,"column":5},"end":{"line":12,"column":23}},"7":{"start":{"line":15,"column":0},"end":{"line":15,"column":15}},"8":{"start":{"line":17,"column":0},"end":{"line":17,"column":9}},"9":{"start":{"line":19,"column":13},"end":{"line":19,"column":39}},"10":{"start":{"line":21,"column":12},"end":{"line":21,"column":21}},"11":{"start":{"line":22,"column":0},"end":{"line":22,"column":57}},"12":{"start":{"line":23,"column":0},"end":{"line":23,"column":15}},"13":{"start":{"line":25,"column":0},"end":{"line":33,"column":2}},"14":{"start":{"line":26,"column":2},"end":{"line":32,"column":4}},"15":{"start":{"line":35,"column":0},"end":{"line":35,"column":45}},"16":{"start":{"line":36,"column":0},"end":{"line":36,"column":47}},"17":{"start":{"line":37,"column":0},"end":{"line":37,"column":47}},"18":{"start":{"line":38,"column":0},"end":{"line":38,"column":47}},"19":{"start":{"line":40,"column":0},"end":{"line":40,"column":68}},"20":{"start":{"line":40,"column":23},"end":{"line":40,"column":67}},"21":{"start":{"line":42,"column":0},"end":{"line":42,"column":17}}},"fnMap":{"0":{"name":"(anonymous_0)","decl":{"start":{"line":25,"column":13},"end":{"line":25,"column":14}},"loc":{"start":{"line":25,"column":27},"end":{"line":33,"column":1}},"line":25},"1":{"name":"(anonymous_1)","decl":{"start":{"line":40,"column":17},"end":{"line":40,"column":18}},"loc":{"start":{"line":40,"column":23},"end":{"line":40,"column":67}},"line":40}},"branchMap":{"0":{"loc":{"start":{"line":19,"column":13},"end":{"line":19,"column":39}},"type":"binary-expr","locations":[{"start":{"line":19,"column":13},"end":{"line":19,"column":33}},{"start":{"line":19,"column":37},"end":{"line":19,"column":39}}],"line":19}},"s":{"0":1,"1":1,"2":1,"3":1,"4":1,"5":1,"6":1,"7":1,"8":1,"9":1,"10":1,"11":1,"12":1,"13":1,"14":0,"15":1,"16":1,"17":1,"18":1,"19":1,"20":1,"21":1},"f":{"0":0,"1":1},"b":{"0":[1,0]},"_coverageSchema":"1a1c01bbd47fc00a2c39e90264f33305004495a9","hash":"5583a0f9ae09e091e851f49afc220ebf3229164e","contentHash":"00ae8d3abc5496f76f508b036390fb3a3b9e991cb6e4d243ceff0a38111e7a5e"},"/home/moreillon/node/cms/db.js":{"path":"/home/moreillon/node/cms/db.js","statementMap":{"0":{"start":{"line":1,"column":14},"end":{"line":1,"column":37}},"1":{"start":{"line":2,"column":15},"end":{"line":2,"column":32}},"2":{"start":{"line":4,"column":0},"end":{"line":4,"column":15}},"3":{"start":{"line":10,"column":4},"end":{"line":10,"column":15}},"4":{"start":{"line":12,"column":13},"end":{"line":12,"column":63}},"5":{"start":{"line":13,"column":16},"end":{"line":13,"column":49}},"6":{"start":{"line":14,"column":15},"end":{"line":14,"column":55}},"7":{"start":{"line":16,"column":16},"end":{"line":16,"column":21}},"8":{"start":{"line":17,"column":13},"end":{"line":47,"column":1}},"9":{"start":{"line":18,"column":2},"end":{"line":18,"column":40}},"10":{"start":{"line":20,"column":27},"end":{"line":26,"column":3}},"11":{"start":{"line":28,"column":18},"end":{"line":28,"column":34}},"12":{"start":{"line":30,"column":2},"end":{"line":45,"column":3}},"13":{"start":{"line":31,"column":22},"end":{"line":31,"column":57}},"14":{"start":{"line":32,"column":18},"end":{"line":32,"column":41}},"15":{"start":{"line":33,"column":4},"end":{"line":33,"column":61}},"16":{"start":{"line":36,"column":4},"end":{"line":36,"column":20}},"17":{"start":{"line":39,"column":4},"end":{"line":39,"column":18}},"18":{"start":{"line":40,"column":4},"end":{"line":40,"column":55}},"19":{"start":{"line":41,"column":4},"end":{"line":41,"column":26}},"20":{"start":{"line":44,"column":4},"end":{"line":44,"column":19}},"21":{"start":{"line":49,"column":0},"end":{"line":49,"column":23}},"22":{"start":{"line":50,"column":0},"end":{"line":50,"column":23}},"23":{"start":{"line":51,"column":0},"end":{"line":51,"column":39}},"24":{"start":{"line":51,"column":30},"end":{"line":51,"column":39}},"25":{"start":{"line":52,"column":0},"end":{"line":52,"column":19}}},"fnMap":{"0":{"name":"(anonymous_0)","decl":{"start":{"line":17,"column":13},"end":{"line":17,"column":14}},"loc":{"start":{"line":17,"column":25},"end":{"line":47,"column":1}},"line":17},"1":{"name":"(anonymous_1)","decl":{"start":{"line":51,"column":24},"end":{"line":51,"column":25}},"loc":{"start":{"line":51,"column":30},"end":{"line":51,"column":39}},"line":51}},"branchMap":{"0":{"loc":{"start":{"line":7,"column":2},"end":{"line":7,"column":33}},"type":"default-arg","locations":[{"start":{"line":7,"column":14},"end":{"line":7,"column":33}}],"line":7}},"s":{"0":1,"1":1,"2":1,"3":1,"4":1,"5":1,"6":1,"7":1,"8":1,"9":1,"10":1,"11":1,"12":1,"13":1,"14":1,"15":1,"16":1,"17":0,"18":0,"19":0,"20":1,"21":1,"22":1,"23":1,"24":0,"25":1},"f":{"0":1,"1":0},"b":{"0":[0]},"_coverageSchema":"1a1c01bbd47fc00a2c39e90264f33305004495a9","hash":"e3a44399bf5284eb921d147707c2c545a2f9c27a","contentHash":"3b08ea7c3b9b3c388fec13b8a62e81e327608aa3b488a1045b122194525326ef"},"/home/moreillon/node/cms/routes/v1/index.js":{"path":"/home/moreillon/node/cms/routes/v1/index.js","statementMap":{"0":{"start":{"line":1,"column":16},"end":{"line":1,"column":34}},"1":{"start":{"line":3,"column":15},"end":{"line":3,"column":31}},"2":{"start":{"line":5,"column":0},"end":{"line":5,"column":49}},"3":{"start":{"line":6,"column":0},"end":{"line":6,"column":41}},"4":{"start":{"line":7,"column":0},"end":{"line":7,"column":49}},"5":{"start":{"line":8,"column":0},"end":{"line":8,"column":46}},"6":{"start":{"line":11,"column":0},"end":{"line":11,"column":23}}},"fnMap":{},"branchMap":{},"s":{"0":1,"1":1,"2":1,"3":1,"4":1,"5":1,"6":1},"f":{},"b":{},"_coverageSchema":"1a1c01bbd47fc00a2c39e90264f33305004495a9","hash":"466007d6972ec90e92c1de238676e6fedbf7d825","contentHash":"eb4212ad7a3b0ff9df78d9c67ef76cebdcd1fc2163913bb8e7942a8335330f12"},"/home/moreillon/node/cms/routes/v1/articles.js":{"path":"/home/moreillon/node/cms/routes/v1/articles.js","statementMap":{"0":{"start":{"line":1,"column":16},"end":{"line":1,"column":34}},"1":{"start":{"line":2,"column":13},"end":{"line":2,"column":60}},"2":{"start":{"line":4,"column":19},"end":{"line":4,"column":62}},"3":{"start":{"line":5,"column":23},"end":{"line":5,"column":62}},"4":{"start":{"line":6,"column":26},"end":{"line":6,"column":68}},"5":{"start":{"line":7,"column":27},"end":{"line":7,"column":70}},"6":{"start":{"line":9,"column":15},"end":{"line":9,"column":31}},"7":{"start":{"line":11,"column":0},"end":{"line":13,"column":62}},"8":{"start":{"line":15,"column":0},"end":{"line":18,"column":55}},"9":{"start":{"line":20,"column":0},"end":{"line":21,"column":66}},"10":{"start":{"line":23,"column":0},"end":{"line":24,"column":71}},"11":{"start":{"line":26,"column":0},"end":{"line":27,"column":74}},"12":{"start":{"line":29,"column":0},"end":{"line":29,"column":23}}},"fnMap":{},"branchMap":{},"s":{"0":1,"1":1,"2":1,"3":1,"4":1,"5":1,"6":1,"7":1,"8":1,"9":1,"10":1,"11":1,"12":1},"f":{},"b":{},"_coverageSchema":"1a1c01bbd47fc00a2c39e90264f33305004495a9","hash":"d59057e5696c0880c1047c105b40c77c9354cd83","contentHash":"171081c672732a04c68e8091f70f369e1ea1277903b05d8c9c1e56c37f8107fa"},"/home/moreillon/node/cms/controllers/v1/articles.js":{"path":"/home/moreillon/node/cms/controllers/v1/articles.js","statementMap":{"0":{"start":{"line":1,"column":17},"end":{"line":1,"column":39}},"1":{"start":{"line":2,"column":28},"end":{"line":2,"column":62}},"2":{"start":{"line":5,"column":23},"end":{"line":11,"column":1}},"3":{"start":{"line":7,"column":2},"end":{"line":9,"column":28}},"4":{"start":{"line":13,"column":0},"end":{"line":59,"column":1}},"5":{"start":{"line":16,"column":21},"end":{"line":16,"column":40}},"6":{"start":{"line":18,"column":2},"end":{"line":20,"column":3}},"7":{"start":{"line":19,"column":4},"end":{"line":19,"column":53}},"8":{"start":{"line":22,"column":18},"end":{"line":22,"column":34}},"9":{"start":{"line":23,"column":2},"end":{"line":57,"column":37}},"10":{"start":{"line":50,"column":4},"end":{"line":50,"column":48}},"11":{"start":{"line":51,"column":4},"end":{"line":51,"column":28}},"12":{"start":{"line":54,"column":4},"end":{"line":54,"column":22}},"13":{"start":{"line":55,"column":4},"end":{"line":55,"column":59}},"14":{"start":{"line":57,"column":19},"end":{"line":57,"column":34}},"15":{"start":{"line":63,"column":0},"end":{"line":130,"column":1}},"16":{"start":{"line":66,"column":26},"end":{"line":66,"column":50}},"17":{"start":{"line":67,"column":2},"end":{"line":69,"column":3}},"18":{"start":{"line":68,"column":4},"end":{"line":68,"column":83}},"19":{"start":{"line":71,"column":29},"end":{"line":71,"column":45}},"20":{"start":{"line":72,"column":2},"end":{"line":74,"column":3}},"21":{"start":{"line":73,"column":4},"end":{"line":73,"column":66}},"22":{"start":{"line":76,"column":18},"end":{"line":76,"column":40}},"23":{"start":{"line":78,"column":16},"end":{"line":78,"column":32}},"24":{"start":{"line":79,"column":2},"end":{"line":129,"column":37}},"25":{"start":{"line":122,"column":4},"end":{"line":122,"column":34}},"26":{"start":{"line":123,"column":4},"end":{"line":123,"column":28}},"27":{"start":{"line":126,"column":4},"end":{"line":126,"column":22}},"28":{"start":{"line":127,"column":4},"end":{"line":127,"column":60}},"29":{"start":{"line":129,"column":19},"end":{"line":129,"column":34}},"30":{"start":{"line":132,"column":0},"end":{"line":214,"column":1}},"31":{"start":{"line":135,"column":26},"end":{"line":135,"column":50}},"32":{"start":{"line":136,"column":2},"end":{"line":138,"column":3}},"33":{"start":{"line":137,"column":4},"end":{"line":137,"column":83}},"34":{"start":{"line":140,"column":21},"end":{"line":140,"column":40}},"35":{"start":{"line":141,"column":2},"end":{"line":143,"column":3}},"36":{"start":{"line":142,"column":4},"end":{"line":142,"column":53}},"37":{"start":{"line":146,"column":29},"end":{"line":148,"column":34}},"38":{"start":{"line":151,"column":18},"end":{"line":151,"column":34}},"39":{"start":{"line":152,"column":2},"end":{"line":212,"column":37}},"40":{"start":{"line":202,"column":4},"end":{"line":204,"column":5}},"41":{"start":{"line":203,"column":6},"end":{"line":203,"column":107}},"42":{"start":{"line":206,"column":4},"end":{"line":206,"column":48}},"43":{"start":{"line":207,"column":4},"end":{"line":207,"column":28}},"44":{"start":{"line":209,"column":4},"end":{"line":209,"column":22}},"45":{"start":{"line":210,"column":4},"end":{"line":210,"column":60}},"46":{"start":{"line":212,"column":19},"end":{"line":212,"column":34}},"47":{"start":{"line":216,"column":0},"end":{"line":262,"column":1}},"48":{"start":{"line":218,"column":26},"end":{"line":218,"column":50}},"49":{"start":{"line":219,"column":2},"end":{"line":221,"column":3}},"50":{"start":{"line":220,"column":4},"end":{"line":220,"column":83}},"51":{"start":{"line":223,"column":21},"end":{"line":223,"column":42}},"52":{"start":{"line":224,"column":2},"end":{"line":226,"column":3}},"53":{"start":{"line":225,"column":4},"end":{"line":225,"column":53}},"54":{"start":{"line":228,"column":16},"end":{"line":228,"column":32}},"55":{"start":{"line":229,"column":2},"end":{"line":261,"column":37}},"56":{"start":{"line":249,"column":4},"end":{"line":251,"column":5}},"57":{"start":{"line":250,"column":6},"end":{"line":250,"column":107}},"58":{"start":{"line":253,"column":4},"end":{"line":253,"column":48}},"59":{"start":{"line":254,"column":4},"end":{"line":254,"column":44}},"60":{"start":{"line":258,"column":4},"end":{"line":258,"column":22}},"61":{"start":{"line":259,"column":4},"end":{"line":259,"column":60}},"62":{"start":{"line":261,"column":19},"end":{"line":261,"column":34}},"63":{"start":{"line":265,"column":0},"end":{"line":354,"column":1}},"64":{"start":{"line":268,"column":20},"end":{"line":278,"column":5}},"65":{"start":{"line":270,"column":20},"end":{"line":270,"column":45}},"66":{"start":{"line":271,"column":29},"end":{"line":271,"column":111}},"67":{"start":{"line":273,"column":6},"end":{"line":275,"column":7}},"68":{"start":{"line":274,"column":8},"end":{"line":274,"column":83}},"69":{"start":{"line":274,"column":43},"end":{"line":274,"column":83}},"70":{"start":{"line":277,"column":6},"end":{"line":277,"column":20}},"71":{"start":{"line":281,"column":21},"end":{"line":285,"column":5}},"72":{"start":{"line":282,"column":25},"end":{"line":282,"column":79}},"73":{"start":{"line":283,"column":26},"end":{"line":283,"column":81}},"74":{"start":{"line":284,"column":6},"end":{"line":284,"column":116}},"75":{"start":{"line":287,"column":18},"end":{"line":287,"column":34}},"76":{"start":{"line":288,"column":4},"end":{"line":353,"column":39}},"77":{"start":{"line":346,"column":6},"end":{"line":346,"column":43}},"78":{"start":{"line":347,"column":6},"end":{"line":347,"column":30}},"79":{"start":{"line":350,"column":6},"end":{"line":350,"column":24}},"80":{"start":{"line":351,"column":6},"end":{"line":351,"column":62}},"81":{"start":{"line":353,"column":21},"end":{"line":353,"column":36}}},"fnMap":{"0":{"name":"(anonymous_0)","decl":{"start":{"line":5,"column":23},"end":{"line":5,"column":24}},"loc":{"start":{"line":5,"column":32},"end":{"line":11,"column":1}},"line":5},"1":{"name":"(anonymous_1)","decl":{"start":{"line":13,"column":22},"end":{"line":13,"column":23}},"loc":{"start":{"line":13,"column":36},"end":{"line":59,"column":1}},"line":13},"2":{"name":"(anonymous_2)","decl":{"start":{"line":49,"column":8},"end":{"line":49,"column":9}},"loc":{"start":{"line":49,"column":18},"end":{"line":52,"column":3}},"line":49},"3":{"name":"(anonymous_3)","decl":{"start":{"line":53,"column":9},"end":{"line":53,"column":10}},"loc":{"start":{"line":53,"column":18},"end":{"line":56,"column":3}},"line":53},"4":{"name":"(anonymous_4)","decl":{"start":{"line":57,"column":11},"end":{"line":57,"column":12}},"loc":{"start":{"line":57,"column":17},"end":{"line":57,"column":36}},"line":57},"5":{"name":"(anonymous_5)","decl":{"start":{"line":63,"column":25},"end":{"line":63,"column":26}},"loc":{"start":{"line":63,"column":39},"end":{"line":130,"column":1}},"line":63},"6":{"name":"(anonymous_6)","decl":{"start":{"line":121,"column":8},"end":{"line":121,"column":9}},"loc":{"start":{"line":121,"column":18},"end":{"line":124,"column":3}},"line":121},"7":{"name":"(anonymous_7)","decl":{"start":{"line":125,"column":9},"end":{"line":125,"column":10}},"loc":{"start":{"line":125,"column":18},"end":{"line":128,"column":3}},"line":125},"8":{"name":"(anonymous_8)","decl":{"start":{"line":129,"column":11},"end":{"line":129,"column":12}},"loc":{"start":{"line":129,"column":17},"end":{"line":129,"column":36}},"line":129},"9":{"name":"(anonymous_9)","decl":{"start":{"line":132,"column":25},"end":{"line":132,"column":26}},"loc":{"start":{"line":132,"column":39},"end":{"line":214,"column":1}},"line":132},"10":{"name":"(anonymous_10)","decl":{"start":{"line":200,"column":8},"end":{"line":200,"column":9}},"loc":{"start":{"line":200,"column":18},"end":{"line":207,"column":30}},"line":200},"11":{"name":"(anonymous_11)","decl":{"start":{"line":208,"column":9},"end":{"line":208,"column":10}},"loc":{"start":{"line":208,"column":18},"end":{"line":211,"column":3}},"line":208},"12":{"name":"(anonymous_12)","decl":{"start":{"line":212,"column":11},"end":{"line":212,"column":12}},"loc":{"start":{"line":212,"column":17},"end":{"line":212,"column":36}},"line":212},"13":{"name":"(anonymous_13)","decl":{"start":{"line":216,"column":25},"end":{"line":216,"column":26}},"loc":{"start":{"line":216,"column":39},"end":{"line":262,"column":1}},"line":216},"14":{"name":"(anonymous_14)","decl":{"start":{"line":247,"column":8},"end":{"line":247,"column":9}},"loc":{"start":{"line":247,"column":18},"end":{"line":256,"column":3}},"line":247},"15":{"name":"(anonymous_15)","decl":{"start":{"line":257,"column":9},"end":{"line":257,"column":10}},"loc":{"start":{"line":257,"column":18},"end":{"line":260,"column":3}},"line":257},"16":{"name":"(anonymous_16)","decl":{"start":{"line":261,"column":11},"end":{"line":261,"column":12}},"loc":{"start":{"line":261,"column":17},"end":{"line":261,"column":36}},"line":261},"17":{"name":"(anonymous_17)","decl":{"start":{"line":265,"column":27},"end":{"line":265,"column":28}},"loc":{"start":{"line":265,"column":41},"end":{"line":354,"column":1}},"line":265},"18":{"name":"(anonymous_18)","decl":{"start":{"line":268,"column":20},"end":{"line":268,"column":21}},"loc":{"start":{"line":268,"column":26},"end":{"line":278,"column":5}},"line":268},"19":{"name":"(anonymous_19)","decl":{"start":{"line":281,"column":21},"end":{"line":281,"column":22}},"loc":{"start":{"line":281,"column":27},"end":{"line":285,"column":5}},"line":281},"20":{"name":"(anonymous_20)","decl":{"start":{"line":345,"column":10},"end":{"line":345,"column":11}},"loc":{"start":{"line":345,"column":20},"end":{"line":348,"column":5}},"line":345},"21":{"name":"(anonymous_21)","decl":{"start":{"line":349,"column":11},"end":{"line":349,"column":12}},"loc":{"start":{"line":349,"column":20},"end":{"line":352,"column":5}},"line":349},"22":{"name":"(anonymous_22)","decl":{"start":{"line":353,"column":13},"end":{"line":353,"column":14}},"loc":{"start":{"line":353,"column":19},"end":{"line":353,"column":38}},"line":353}},"branchMap":{"0":{"loc":{"start":{"line":7,"column":9},"end":{"line":9,"column":28}},"type":"binary-expr","locations":[{"start":{"line":7,"column":9},"end":{"line":7,"column":21}},{"start":{"line":8,"column":7},"end":{"line":8,"column":27}},{"start":{"line":9,"column":7},"end":{"line":9,"column":28}}],"line":7},"1":{"loc":{"start":{"line":18,"column":2},"end":{"line":20,"column":3}},"type":"if","locations":[{"start":{"line":18,"column":2},"end":{"line":20,"column":3}},{"start":{"line":18,"column":2},"end":{"line":20,"column":3}}],"line":18},"2":{"loc":{"start":{"line":33,"column":8},"end":{"line":33,"column":74}},"type":"cond-expr","locations":[{"start":{"line":33,"column":26},"end":{"line":33,"column":69}},{"start":{"line":33,"column":72},"end":{"line":33,"column":74}}],"line":33},"3":{"loc":{"start":{"line":67,"column":2},"end":{"line":69,"column":3}},"type":"if","locations":[{"start":{"line":67,"column":2},"end":{"line":69,"column":3}},{"start":{"line":67,"column":2},"end":{"line":69,"column":3}}],"line":67},"4":{"loc":{"start":{"line":72,"column":2},"end":{"line":74,"column":3}},"type":"if","locations":[{"start":{"line":72,"column":2},"end":{"line":74,"column":3}},{"start":{"line":72,"column":2},"end":{"line":74,"column":3}}],"line":72},"5":{"loc":{"start":{"line":76,"column":18},"end":{"line":76,"column":40}},"type":"binary-expr","locations":[{"start":{"line":76,"column":18},"end":{"line":76,"column":34}},{"start":{"line":76,"column":38},"end":{"line":76,"column":40}}],"line":76},"6":{"loc":{"start":{"line":136,"column":2},"end":{"line":138,"column":3}},"type":"if","locations":[{"start":{"line":136,"column":2},"end":{"line":138,"column":3}},{"start":{"line":136,"column":2},"end":{"line":138,"column":3}}],"line":136},"7":{"loc":{"start":{"line":141,"column":2},"end":{"line":143,"column":3}},"type":"if","locations":[{"start":{"line":141,"column":2},"end":{"line":143,"column":3}},{"start":{"line":141,"column":2},"end":{"line":143,"column":3}}],"line":141},"8":{"loc":{"start":{"line":146,"column":29},"end":{"line":148,"column":34}},"type":"binary-expr","locations":[{"start":{"line":146,"column":29},"end":{"line":146,"column":56}},{"start":{"line":147,"column":7},"end":{"line":147,"column":26}},{"start":{"line":148,"column":7},"end":{"line":148,"column":34}}],"line":146},"9":{"loc":{"start":{"line":202,"column":4},"end":{"line":204,"column":5}},"type":"if","locations":[{"start":{"line":202,"column":4},"end":{"line":204,"column":5}},{"start":{"line":202,"column":4},"end":{"line":204,"column":5}}],"line":202},"10":{"loc":{"start":{"line":219,"column":2},"end":{"line":221,"column":3}},"type":"if","locations":[{"start":{"line":219,"column":2},"end":{"line":221,"column":3}},{"start":{"line":219,"column":2},"end":{"line":221,"column":3}}],"line":219},"11":{"loc":{"start":{"line":224,"column":2},"end":{"line":226,"column":3}},"type":"if","locations":[{"start":{"line":224,"column":2},"end":{"line":226,"column":3}},{"start":{"line":224,"column":2},"end":{"line":226,"column":3}}],"line":224},"12":{"loc":{"start":{"line":249,"column":4},"end":{"line":251,"column":5}},"type":"if","locations":[{"start":{"line":249,"column":4},"end":{"line":251,"column":5}},{"start":{"line":249,"column":4},"end":{"line":251,"column":5}}],"line":249},"13":{"loc":{"start":{"line":273,"column":6},"end":{"line":275,"column":7}},"type":"if","locations":[{"start":{"line":273,"column":6},"end":{"line":275,"column":7}},{"start":{"line":273,"column":6},"end":{"line":275,"column":7}}],"line":273},"14":{"loc":{"start":{"line":274,"column":8},"end":{"line":274,"column":83}},"type":"if","locations":[{"start":{"line":274,"column":8},"end":{"line":274,"column":83}},{"start":{"line":274,"column":8},"end":{"line":274,"column":83}}],"line":274},"15":{"loc":{"start":{"line":282,"column":25},"end":{"line":282,"column":79}},"type":"cond-expr","locations":[{"start":{"line":282,"column":48},"end":{"line":282,"column":72}},{"start":{"line":282,"column":75},"end":{"line":282,"column":79}}],"line":282},"16":{"loc":{"start":{"line":283,"column":26},"end":{"line":283,"column":81}},"type":"cond-expr","locations":[{"start":{"line":283,"column":50},"end":{"line":283,"column":75}},{"start":{"line":283,"column":78},"end":{"line":283,"column":81}}],"line":283},"17":{"loc":{"start":{"line":295,"column":8},"end":{"line":295,"column":74}},"type":"cond-expr","locations":[{"start":{"line":295,"column":26},"end":{"line":295,"column":69}},{"start":{"line":295,"column":72},"end":{"line":295,"column":74}}],"line":295},"18":{"loc":{"start":{"line":299,"column":8},"end":{"line":299,"column":89}},"type":"cond-expr","locations":[{"start":{"line":299,"column":28},"end":{"line":299,"column":84}},{"start":{"line":299,"column":87},"end":{"line":299,"column":89}}],"line":299},"19":{"loc":{"start":{"line":303,"column":8},"end":{"line":303,"column":109}},"type":"cond-expr","locations":[{"start":{"line":303,"column":27},"end":{"line":303,"column":104}},{"start":{"line":303,"column":107},"end":{"line":303,"column":109}}],"line":303},"20":{"loc":{"start":{"line":307,"column":8},"end":{"line":307,"column":121}},"type":"cond-expr","locations":[{"start":{"line":307,"column":30},"end":{"line":307,"column":116}},{"start":{"line":307,"column":119},"end":{"line":307,"column":121}}],"line":307},"21":{"loc":{"start":{"line":314,"column":30},"end":{"line":314,"column":72}},"type":"cond-expr","locations":[{"start":{"line":314,"column":58},"end":{"line":314,"column":63}},{"start":{"line":314,"column":66},"end":{"line":314,"column":72}}],"line":314}},"s":{"0":1,"1":1,"2":1,"3":0,"4":1,"5":0,"6":0,"7":0,"8":0,"9":0,"10":0,"11":0,"12":0,"13":0,"14":0,"15":1,"16":0,"17":0,"18":0,"19":0,"20":0,"21":0,"22":0,"23":0,"24":0,"25":0,"26":0,"27":0,"28":0,"29":0,"30":1,"31":0,"32":0,"33":0,"34":0,"35":0,"36":0,"37":0,"38":0,"39":0,"40":0,"41":0,"42":0,"43":0,"44":0,"45":0,"46":0,"47":1,"48":0,"49":0,"50":0,"51":0,"52":0,"53":0,"54":0,"55":0,"56":0,"57":0,"58":0,"59":0,"60":0,"61":0,"62":0,"63":1,"64":0,"65":0,"66":0,"67":0,"68":0,"69":0,"70":0,"71":0,"72":0,"73":0,"74":0,"75":0,"76":0,"77":0,"78":0,"79":0,"80":0,"81":0},"f":{"0":0,"1":0,"2":0,"3":0,"4":0,"5":0,"6":0,"7":0,"8":0,"9":0,"10":0,"11":0,"12":0,"13":0,"14":0,"15":0,"16":0,"17":0,"18":0,"19":0,"20":0,"21":0,"22":0},"b":{"0":[0,0,0],"1":[0,0],"2":[0,0],"3":[0,0],"4":[0,0],"5":[0,0],"6":[0,0],"7":[0,0],"8":[0,0,0],"9":[0,0],"10":[0,0],"11":[0,0],"12":[0,0],"13":[0,0],"14":[0,0],"15":[0,0],"16":[0,0],"17":[0,0],"18":[0,0],"19":[0,0],"20":[0,0],"21":[0,0]},"_coverageSchema":"1a1c01bbd47fc00a2c39e90264f33305004495a9","hash":"245bd64f72643a37f502dddcbc49e8a87216c0c3","contentHash":"17d9d8629df2a090247cdc042025cad115efc27dbeb3520556facc9c610f3239"},"/home/moreillon/node/cms/identification.js":{"path":"/home/moreillon/node/cms/identification.js","statementMap":{"0":{"start":{"line":1,"column":0},"end":{"line":8,"column":1}},"1":{"start":{"line":3,"column":23},"end":{"line":3,"column":38}},"2":{"start":{"line":4,"column":2},"end":{"line":7,"column":28}}},"fnMap":{"0":{"name":"(anonymous_0)","decl":{"start":{"line":1,"column":18},"end":{"line":1,"column":19}},"loc":{"start":{"line":1,"column":27},"end":{"line":8,"column":1}},"line":1}},"branchMap":{"0":{"loc":{"start":{"line":4,"column":9},"end":{"line":7,"column":28}},"type":"binary-expr","locations":[{"start":{"line":4,"column":9},"end":{"line":4,"column":25}},{"start":{"line":5,"column":7},"end":{"line":5,"column":34}},{"start":{"line":6,"column":7},"end":{"line":6,"column":32}},{"start":{"line":7,"column":7},"end":{"line":7,"column":28}}],"line":4}},"s":{"0":1,"1":5,"2":5},"f":{"0":5},"b":{"0":[5,0,0,0]},"_coverageSchema":"1a1c01bbd47fc00a2c39e90264f33305004495a9","hash":"1c0a245ac202a47e39bb0c21038d7a91f17c84fb","contentHash":"0336ea78f3118a6c41729b14a41500c7617a1d3f417ff050ad9b37ec54d1d7ea"},"/home/moreillon/node/cms/controllers/v1/tags.js":{"path":"/home/moreillon/node/cms/controllers/v1/tags.js","statementMap":{"0":{"start":{"line":1,"column":17},"end":{"line":1,"column":39}},"1":{"start":{"line":2,"column":23},"end":{"line":2,"column":57}},"2":{"start":{"line":5,"column":2},"end":{"line":7,"column":19}},"3":{"start":{"line":11,"column":0},"end":{"line":28,"column":1}},"4":{"start":{"line":14,"column":17},"end":{"line":14,"column":32}},"5":{"start":{"line":16,"column":16},"end":{"line":16,"column":32}},"6":{"start":{"line":17,"column":2},"end":{"line":27,"column":37}},"7":{"start":{"line":25,"column":20},"end":{"line":25,"column":58}},"8":{"start":{"line":26,"column":20},"end":{"line":26,"column":71}},"9":{"start":{"line":27,"column":19},"end":{"line":27,"column":34}},"10":{"start":{"line":30,"column":0},"end":{"line":52,"column":1}},"11":{"start":{"line":33,"column":19},"end":{"line":33,"column":36}},"12":{"start":{"line":35,"column":16},"end":{"line":35,"column":32}},"13":{"start":{"line":36,"column":2},"end":{"line":51,"column":37}},"14":{"start":{"line":44,"column":4},"end":{"line":44,"column":42}},"15":{"start":{"line":45,"column":4},"end":{"line":45,"column":28}},"16":{"start":{"line":48,"column":4},"end":{"line":48,"column":22}},"17":{"start":{"line":49,"column":4},"end":{"line":49,"column":56}},"18":{"start":{"line":51,"column":19},"end":{"line":51,"column":34}},"19":{"start":{"line":54,"column":0},"end":{"line":81,"column":1}},"20":{"start":{"line":57,"column":15},"end":{"line":57,"column":30}},"21":{"start":{"line":59,"column":2},"end":{"line":59,"column":121}},"22":{"start":{"line":59,"column":42},"end":{"line":59,"column":121}},"23":{"start":{"line":61,"column":16},"end":{"line":61,"column":32}},"24":{"start":{"line":62,"column":2},"end":{"line":80,"column":37}},"25":{"start":{"line":73,"column":4},"end":{"line":73,"column":40}},"26":{"start":{"line":74,"column":4},"end":{"line":74,"column":28}},"27":{"start":{"line":77,"column":4},"end":{"line":77,"column":22}},"28":{"start":{"line":78,"column":4},"end":{"line":78,"column":56}},"29":{"start":{"line":80,"column":19},"end":{"line":80,"column":34}},"30":{"start":{"line":83,"column":0},"end":{"line":108,"column":1}},"31":{"start":{"line":86,"column":2},"end":{"line":86,"column":121}},"32":{"start":{"line":86,"column":42},"end":{"line":86,"column":121}},"33":{"start":{"line":88,"column":15},"end":{"line":88,"column":30}},"34":{"start":{"line":90,"column":16},"end":{"line":90,"column":32}},"35":{"start":{"line":91,"column":2},"end":{"line":107,"column":37}},"36":{"start":{"line":100,"column":4},"end":{"line":100,"column":40}},"37":{"start":{"line":101,"column":4},"end":{"line":101,"column":40}},"38":{"start":{"line":104,"column":4},"end":{"line":104,"column":24}},"39":{"start":{"line":105,"column":4},"end":{"line":105,"column":56}},"40":{"start":{"line":107,"column":19},"end":{"line":107,"column":34}},"41":{"start":{"line":110,"column":0},"end":{"line":125,"column":1}},"42":{"start":{"line":113,"column":16},"end":{"line":113,"column":32}},"43":{"start":{"line":114,"column":2},"end":{"line":124,"column":37}},"44":{"start":{"line":119,"column":20},"end":{"line":119,"column":44}},"45":{"start":{"line":121,"column":4},"end":{"line":121,"column":22}},"46":{"start":{"line":122,"column":4},"end":{"line":122,"column":60}},"47":{"start":{"line":124,"column":19},"end":{"line":124,"column":34}},"48":{"start":{"line":127,"column":0},"end":{"line":141,"column":1}},"49":{"start":{"line":129,"column":16},"end":{"line":129,"column":32}},"50":{"start":{"line":130,"column":2},"end":{"line":140,"column":37}},"51":{"start":{"line":135,"column":20},"end":{"line":135,"column":44}},"52":{"start":{"line":137,"column":4},"end":{"line":137,"column":22}},"53":{"start":{"line":138,"column":4},"end":{"line":138,"column":68}},"54":{"start":{"line":140,"column":19},"end":{"line":140,"column":34}},"55":{"start":{"line":143,"column":0},"end":{"line":169,"column":1}},"56":{"start":{"line":146,"column":21},"end":{"line":147,"column":28}},"57":{"start":{"line":149,"column":16},"end":{"line":149,"column":32}},"58":{"start":{"line":150,"column":2},"end":{"line":168,"column":37}},"59":{"start":{"line":166,"column":20},"end":{"line":166,"column":44}},"60":{"start":{"line":167,"column":20},"end":{"line":167,"column":72}},"61":{"start":{"line":168,"column":19},"end":{"line":168,"column":34}}},"fnMap":{"0":{"name":"get_tag_id","decl":{"start":{"line":4,"column":9},"end":{"line":4,"column":19}},"loc":{"start":{"line":4,"column":25},"end":{"line":9,"column":1}},"line":4},"1":{"name":"(anonymous_1)","decl":{"start":{"line":11,"column":18},"end":{"line":11,"column":19}},"loc":{"start":{"line":11,"column":32},"end":{"line":28,"column":1}},"line":11},"2":{"name":"(anonymous_2)","decl":{"start":{"line":25,"column":8},"end":{"line":25,"column":9}},"loc":{"start":{"line":25,"column":18},"end":{"line":25,"column":60}},"line":25},"3":{"name":"(anonymous_3)","decl":{"start":{"line":26,"column":9},"end":{"line":26,"column":10}},"loc":{"start":{"line":26,"column":18},"end":{"line":26,"column":73}},"line":26},"4":{"name":"(anonymous_4)","decl":{"start":{"line":27,"column":11},"end":{"line":27,"column":12}},"loc":{"start":{"line":27,"column":17},"end":{"line":27,"column":36}},"line":27},"5":{"name":"(anonymous_5)","decl":{"start":{"line":30,"column":21},"end":{"line":30,"column":22}},"loc":{"start":{"line":30,"column":35},"end":{"line":52,"column":1}},"line":30},"6":{"name":"(anonymous_6)","decl":{"start":{"line":43,"column":8},"end":{"line":43,"column":9}},"loc":{"start":{"line":43,"column":18},"end":{"line":46,"column":3}},"line":43},"7":{"name":"(anonymous_7)","decl":{"start":{"line":47,"column":9},"end":{"line":47,"column":10}},"loc":{"start":{"line":47,"column":18},"end":{"line":50,"column":4}},"line":47},"8":{"name":"(anonymous_8)","decl":{"start":{"line":51,"column":11},"end":{"line":51,"column":12}},"loc":{"start":{"line":51,"column":17},"end":{"line":51,"column":36}},"line":51},"9":{"name":"(anonymous_9)","decl":{"start":{"line":54,"column":21},"end":{"line":54,"column":22}},"loc":{"start":{"line":54,"column":35},"end":{"line":81,"column":1}},"line":54},"10":{"name":"(anonymous_10)","decl":{"start":{"line":72,"column":8},"end":{"line":72,"column":9}},"loc":{"start":{"line":72,"column":18},"end":{"line":75,"column":3}},"line":72},"11":{"name":"(anonymous_11)","decl":{"start":{"line":76,"column":9},"end":{"line":76,"column":10}},"loc":{"start":{"line":76,"column":18},"end":{"line":79,"column":3}},"line":76},"12":{"name":"(anonymous_12)","decl":{"start":{"line":80,"column":11},"end":{"line":80,"column":12}},"loc":{"start":{"line":80,"column":17},"end":{"line":80,"column":36}},"line":80},"13":{"name":"(anonymous_13)","decl":{"start":{"line":83,"column":21},"end":{"line":83,"column":22}},"loc":{"start":{"line":83,"column":35},"end":{"line":108,"column":1}},"line":83},"14":{"name":"(anonymous_14)","decl":{"start":{"line":99,"column":8},"end":{"line":99,"column":9}},"loc":{"start":{"line":99,"column":18},"end":{"line":102,"column":4}},"line":99},"15":{"name":"(anonymous_15)","decl":{"start":{"line":103,"column":9},"end":{"line":103,"column":10}},"loc":{"start":{"line":103,"column":18},"end":{"line":106,"column":3}},"line":103},"16":{"name":"(anonymous_16)","decl":{"start":{"line":107,"column":11},"end":{"line":107,"column":12}},"loc":{"start":{"line":107,"column":17},"end":{"line":107,"column":36}},"line":107},"17":{"name":"(anonymous_17)","decl":{"start":{"line":110,"column":23},"end":{"line":110,"column":24}},"loc":{"start":{"line":110,"column":37},"end":{"line":125,"column":1}},"line":110},"18":{"name":"(anonymous_18)","decl":{"start":{"line":119,"column":8},"end":{"line":119,"column":9}},"loc":{"start":{"line":119,"column":18},"end":{"line":119,"column":46}},"line":119},"19":{"name":"(anonymous_19)","decl":{"start":{"line":120,"column":9},"end":{"line":120,"column":10}},"loc":{"start":{"line":120,"column":18},"end":{"line":123,"column":4}},"line":120},"20":{"name":"(anonymous_20)","decl":{"start":{"line":124,"column":11},"end":{"line":124,"column":12}},"loc":{"start":{"line":124,"column":17},"end":{"line":124,"column":36}},"line":124},"21":{"name":"(anonymous_21)","decl":{"start":{"line":127,"column":26},"end":{"line":127,"column":27}},"loc":{"start":{"line":127,"column":40},"end":{"line":141,"column":1}},"line":127},"22":{"name":"(anonymous_22)","decl":{"start":{"line":135,"column":8},"end":{"line":135,"column":9}},"loc":{"start":{"line":135,"column":18},"end":{"line":135,"column":46}},"line":135},"23":{"name":"(anonymous_23)","decl":{"start":{"line":136,"column":9},"end":{"line":136,"column":10}},"loc":{"start":{"line":136,"column":18},"end":{"line":139,"column":3}},"line":136},"24":{"name":"(anonymous_24)","decl":{"start":{"line":140,"column":11},"end":{"line":140,"column":12}},"loc":{"start":{"line":140,"column":17},"end":{"line":140,"column":36}},"line":140},"25":{"name":"(anonymous_25)","decl":{"start":{"line":143,"column":27},"end":{"line":143,"column":28}},"loc":{"start":{"line":143,"column":41},"end":{"line":169,"column":1}},"line":143},"26":{"name":"(anonymous_26)","decl":{"start":{"line":166,"column":8},"end":{"line":166,"column":9}},"loc":{"start":{"line":166,"column":18},"end":{"line":166,"column":46}},"line":166},"27":{"name":"(anonymous_27)","decl":{"start":{"line":167,"column":9},"end":{"line":167,"column":10}},"loc":{"start":{"line":167,"column":18},"end":{"line":167,"column":74}},"line":167},"28":{"name":"(anonymous_28)","decl":{"start":{"line":168,"column":11},"end":{"line":168,"column":12}},"loc":{"start":{"line":168,"column":17},"end":{"line":168,"column":36}},"line":168}},"branchMap":{"0":{"loc":{"start":{"line":5,"column":9},"end":{"line":7,"column":19}},"type":"binary-expr","locations":[{"start":{"line":5,"column":9},"end":{"line":5,"column":26}},{"start":{"line":6,"column":7},"end":{"line":6,"column":23}},{"start":{"line":7,"column":7},"end":{"line":7,"column":19}}],"line":5},"1":{"loc":{"start":{"line":59,"column":2},"end":{"line":59,"column":121}},"type":"if","locations":[{"start":{"line":59,"column":2},"end":{"line":59,"column":121}},{"start":{"line":59,"column":2},"end":{"line":59,"column":121}}],"line":59},"2":{"loc":{"start":{"line":86,"column":2},"end":{"line":86,"column":121}},"type":"if","locations":[{"start":{"line":86,"column":2},"end":{"line":86,"column":121}},{"start":{"line":86,"column":2},"end":{"line":86,"column":121}}],"line":86},"3":{"loc":{"start":{"line":146,"column":21},"end":{"line":147,"column":28}},"type":"binary-expr","locations":[{"start":{"line":146,"column":21},"end":{"line":146,"column":33}},{"start":{"line":147,"column":7},"end":{"line":147,"column":28}}],"line":146},"4":{"loc":{"start":{"line":159,"column":6},"end":{"line":159,"column":72}},"type":"cond-expr","locations":[{"start":{"line":159,"column":24},"end":{"line":159,"column":67}},{"start":{"line":159,"column":70},"end":{"line":159,"column":72}}],"line":159}},"s":{"0":1,"1":1,"2":0,"3":1,"4":0,"5":0,"6":0,"7":0,"8":0,"9":0,"10":1,"11":0,"12":0,"13":0,"14":0,"15":0,"16":0,"17":0,"18":0,"19":1,"20":0,"21":0,"22":0,"23":0,"24":0,"25":0,"26":0,"27":0,"28":0,"29":0,"30":1,"31":0,"32":0,"33":0,"34":0,"35":0,"36":0,"37":0,"38":0,"39":0,"40":0,"41":1,"42":0,"43":0,"44":0,"45":0,"46":0,"47":0,"48":1,"49":0,"50":0,"51":0,"52":0,"53":0,"54":0,"55":1,"56":0,"57":0,"58":0,"59":0,"60":0,"61":0},"f":{"0":0,"1":0,"2":0,"3":0,"4":0,"5":0,"6":0,"7":0,"8":0,"9":0,"10":0,"11":0,"12":0,"13":0,"14":0,"15":0,"16":0,"17":0,"18":0,"19":0,"20":0,"21":0,"22":0,"23":0,"24":0,"25":0,"26":0,"27":0,"28":0},"b":{"0":[0,0,0],"1":[0,0],"2":[0,0],"3":[0,0],"4":[0,0]},"_coverageSchema":"1a1c01bbd47fc00a2c39e90264f33305004495a9","hash":"4f41cd8f2ba1c06c292008f561f126b265ad3d57","contentHash":"1b393f11d0b58e99713e2484bfdc334c39e1923f586e97698ffc9fd69b7ff400"},"/home/moreillon/node/cms/controllers/v1/authors.js":{"path":"/home/moreillon/node/cms/controllers/v1/authors.js","statementMap":{"0":{"start":{"line":1,"column":17},"end":{"line":1,"column":39}},"1":{"start":{"line":2,"column":23},"end":{"line":2,"column":57}},"2":{"start":{"line":5,"column":2},"end":{"line":6,"column":27}},"3":{"start":{"line":9,"column":23},"end":{"line":13,"column":1}},"4":{"start":{"line":10,"column":2},"end":{"line":12,"column":28}},"5":{"start":{"line":16,"column":0},"end":{"line":33,"column":1}},"6":{"start":{"line":18,"column":20},"end":{"line":18,"column":38}},"7":{"start":{"line":21,"column":16},"end":{"line":21,"column":32}},"8":{"start":{"line":22,"column":2},"end":{"line":32,"column":38}},"9":{"start":{"line":30,"column":20},"end":{"line":30,"column":61}},"10":{"start":{"line":31,"column":20},"end":{"line":31,"column":74}},"11":{"start":{"line":32,"column":20},"end":{"line":32,"column":35}},"12":{"start":{"line":35,"column":0},"end":{"line":60,"column":1}},"13":{"start":{"line":38,"column":21},"end":{"line":38,"column":40}},"14":{"start":{"line":40,"column":16},"end":{"line":40,"column":32}},"15":{"start":{"line":41,"column":2},"end":{"line":58,"column":37}},"16":{"start":{"line":56,"column":20},"end":{"line":56,"column":44}},"17":{"start":{"line":57,"column":20},"end":{"line":57,"column":74}},"18":{"start":{"line":58,"column":19},"end":{"line":58,"column":34}}},"fnMap":{"0":{"name":"get_author_id","decl":{"start":{"line":4,"column":9},"end":{"line":4,"column":22}},"loc":{"start":{"line":4,"column":28},"end":{"line":7,"column":1}},"line":4},"1":{"name":"(anonymous_1)","decl":{"start":{"line":9,"column":23},"end":{"line":9,"column":24}},"loc":{"start":{"line":9,"column":32},"end":{"line":13,"column":1}},"line":9},"2":{"name":"(anonymous_2)","decl":{"start":{"line":16,"column":21},"end":{"line":16,"column":22}},"loc":{"start":{"line":16,"column":35},"end":{"line":33,"column":1}},"line":16},"3":{"name":"(anonymous_3)","decl":{"start":{"line":30,"column":8},"end":{"line":30,"column":9}},"loc":{"start":{"line":30,"column":18},"end":{"line":30,"column":63}},"line":30},"4":{"name":"(anonymous_4)","decl":{"start":{"line":31,"column":9},"end":{"line":31,"column":10}},"loc":{"start":{"line":31,"column":18},"end":{"line":31,"column":76}},"line":31},"5":{"name":"(anonymous_5)","decl":{"start":{"line":32,"column":12},"end":{"line":32,"column":13}},"loc":{"start":{"line":32,"column":18},"end":{"line":32,"column":37}},"line":32},"6":{"name":"(anonymous_6)","decl":{"start":{"line":35,"column":29},"end":{"line":35,"column":30}},"loc":{"start":{"line":35,"column":43},"end":{"line":60,"column":1}},"line":35},"7":{"name":"(anonymous_7)","decl":{"start":{"line":56,"column":8},"end":{"line":56,"column":9}},"loc":{"start":{"line":56,"column":18},"end":{"line":56,"column":46}},"line":56},"8":{"name":"(anonymous_8)","decl":{"start":{"line":57,"column":9},"end":{"line":57,"column":10}},"loc":{"start":{"line":57,"column":18},"end":{"line":57,"column":76}},"line":57},"9":{"name":"(anonymous_9)","decl":{"start":{"line":58,"column":11},"end":{"line":58,"column":12}},"loc":{"start":{"line":58,"column":17},"end":{"line":58,"column":36}},"line":58}},"branchMap":{"0":{"loc":{"start":{"line":5,"column":9},"end":{"line":6,"column":27}},"type":"binary-expr","locations":[{"start":{"line":5,"column":9},"end":{"line":5,"column":28}},{"start":{"line":6,"column":7},"end":{"line":6,"column":27}}],"line":5},"1":{"loc":{"start":{"line":10,"column":9},"end":{"line":12,"column":28}},"type":"binary-expr","locations":[{"start":{"line":10,"column":9},"end":{"line":10,"column":21}},{"start":{"line":11,"column":7},"end":{"line":11,"column":27}},{"start":{"line":12,"column":7},"end":{"line":12,"column":28}}],"line":10},"2":{"loc":{"start":{"line":49,"column":6},"end":{"line":49,"column":72}},"type":"cond-expr","locations":[{"start":{"line":49,"column":24},"end":{"line":49,"column":67}},{"start":{"line":49,"column":70},"end":{"line":49,"column":72}}],"line":49}},"s":{"0":1,"1":1,"2":0,"3":1,"4":0,"5":1,"6":0,"7":0,"8":0,"9":0,"10":0,"11":0,"12":1,"13":0,"14":0,"15":0,"16":0,"17":0,"18":0},"f":{"0":0,"1":0,"2":0,"3":0,"4":0,"5":0,"6":0,"7":0,"8":0,"9":0},"b":{"0":[0,0],"1":[0,0,0],"2":[0,0]},"_coverageSchema":"1a1c01bbd47fc00a2c39e90264f33305004495a9","hash":"fbbb5b728b63b16a561b02638ea6b6e78dcf9d3b","contentHash":"8790eb52a09c22a2b50794b36cd9ad79552336da5f84d703a6ebe711909c9f6c"},"/home/moreillon/node/cms/controllers/v1/comments.js":{"path":"/home/moreillon/node/cms/controllers/v1/comments.js","statementMap":{"0":{"start":{"line":1,"column":17},"end":{"line":1,"column":39}},"1":{"start":{"line":2,"column":23},"end":{"line":2,"column":57}},"2":{"start":{"line":4,"column":0},"end":{"line":33,"column":1}},"3":{"start":{"line":7,"column":16},"end":{"line":7,"column":32}},"4":{"start":{"line":8,"column":2},"end":{"line":32,"column":37}},"5":{"start":{"line":25,"column":4},"end":{"line":25,"column":34}},"6":{"start":{"line":26,"column":4},"end":{"line":26,"column":28}},"7":{"start":{"line":29,"column":4},"end":{"line":29,"column":22}},"8":{"start":{"line":30,"column":4},"end":{"line":30,"column":60}},"9":{"start":{"line":32,"column":19},"end":{"line":32,"column":34}},"10":{"start":{"line":35,"column":0},"end":{"line":66,"column":1}},"11":{"start":{"line":37,"column":16},"end":{"line":37,"column":32}},"12":{"start":{"line":38,"column":2},"end":{"line":65,"column":37}},"13":{"start":{"line":58,"column":4},"end":{"line":58,"column":138}},"14":{"start":{"line":58,"column":37},"end":{"line":58,"column":138}},"15":{"start":{"line":59,"column":4},"end":{"line":59,"column":44}},"16":{"start":{"line":62,"column":4},"end":{"line":62,"column":22}},"17":{"start":{"line":63,"column":4},"end":{"line":63,"column":60}},"18":{"start":{"line":65,"column":19},"end":{"line":65,"column":34}},"19":{"start":{"line":68,"column":0},"end":{"line":96,"column":1}},"20":{"start":{"line":71,"column":19},"end":{"line":72,"column":28}},"21":{"start":{"line":74,"column":16},"end":{"line":74,"column":32}},"22":{"start":{"line":75,"column":2},"end":{"line":94,"column":37}},"23":{"start":{"line":89,"column":20},"end":{"line":89,"column":44}},"24":{"start":{"line":91,"column":4},"end":{"line":91,"column":22}},"25":{"start":{"line":92,"column":4},"end":{"line":92,"column":60}},"26":{"start":{"line":94,"column":19},"end":{"line":94,"column":34}}},"fnMap":{"0":{"name":"(anonymous_0)","decl":{"start":{"line":4,"column":25},"end":{"line":4,"column":26}},"loc":{"start":{"line":4,"column":39},"end":{"line":33,"column":1}},"line":4},"1":{"name":"(anonymous_1)","decl":{"start":{"line":24,"column":8},"end":{"line":24,"column":9}},"loc":{"start":{"line":24,"column":18},"end":{"line":27,"column":4}},"line":24},"2":{"name":"(anonymous_2)","decl":{"start":{"line":28,"column":9},"end":{"line":28,"column":10}},"loc":{"start":{"line":28,"column":18},"end":{"line":31,"column":3}},"line":28},"3":{"name":"(anonymous_3)","decl":{"start":{"line":32,"column":11},"end":{"line":32,"column":12}},"loc":{"start":{"line":32,"column":17},"end":{"line":32,"column":36}},"line":32},"4":{"name":"(anonymous_4)","decl":{"start":{"line":35,"column":25},"end":{"line":35,"column":26}},"loc":{"start":{"line":35,"column":39},"end":{"line":66,"column":1}},"line":35},"5":{"name":"(anonymous_5)","decl":{"start":{"line":57,"column":8},"end":{"line":57,"column":9}},"loc":{"start":{"line":57,"column":18},"end":{"line":60,"column":3}},"line":57},"6":{"name":"(anonymous_6)","decl":{"start":{"line":61,"column":9},"end":{"line":61,"column":10}},"loc":{"start":{"line":61,"column":18},"end":{"line":64,"column":3}},"line":61},"7":{"name":"(anonymous_7)","decl":{"start":{"line":65,"column":11},"end":{"line":65,"column":12}},"loc":{"start":{"line":65,"column":17},"end":{"line":65,"column":36}},"line":65},"8":{"name":"(anonymous_8)","decl":{"start":{"line":68,"column":31},"end":{"line":68,"column":32}},"loc":{"start":{"line":68,"column":45},"end":{"line":96,"column":1}},"line":68},"9":{"name":"(anonymous_9)","decl":{"start":{"line":89,"column":8},"end":{"line":89,"column":9}},"loc":{"start":{"line":89,"column":18},"end":{"line":89,"column":46}},"line":89},"10":{"name":"(anonymous_10)","decl":{"start":{"line":90,"column":9},"end":{"line":90,"column":10}},"loc":{"start":{"line":90,"column":18},"end":{"line":93,"column":3}},"line":90},"11":{"name":"(anonymous_11)","decl":{"start":{"line":94,"column":11},"end":{"line":94,"column":12}},"loc":{"start":{"line":94,"column":17},"end":{"line":94,"column":36}},"line":94}},"branchMap":{"0":{"loc":{"start":{"line":58,"column":4},"end":{"line":58,"column":138}},"type":"if","locations":[{"start":{"line":58,"column":4},"end":{"line":58,"column":138}},{"start":{"line":58,"column":4},"end":{"line":58,"column":138}}],"line":58},"1":{"loc":{"start":{"line":71,"column":19},"end":{"line":72,"column":28}},"type":"binary-expr","locations":[{"start":{"line":71,"column":19},"end":{"line":71,"column":31}},{"start":{"line":72,"column":7},"end":{"line":72,"column":28}}],"line":71},"2":{"loc":{"start":{"line":82,"column":38},"end":{"line":82,"column":105}},"type":"cond-expr","locations":[{"start":{"line":82,"column":56},"end":{"line":82,"column":100}},{"start":{"line":82,"column":103},"end":{"line":82,"column":105}}],"line":82}},"s":{"0":1,"1":1,"2":1,"3":0,"4":0,"5":0,"6":0,"7":0,"8":0,"9":0,"10":1,"11":0,"12":0,"13":0,"14":0,"15":0,"16":0,"17":0,"18":0,"19":1,"20":0,"21":0,"22":0,"23":0,"24":0,"25":0,"26":0},"f":{"0":0,"1":0,"2":0,"3":0,"4":0,"5":0,"6":0,"7":0,"8":0,"9":0,"10":0,"11":0},"b":{"0":[0,0],"1":[0,0],"2":[0,0]},"_coverageSchema":"1a1c01bbd47fc00a2c39e90264f33305004495a9","hash":"0984bcd1d6b3279b88f485f8c7afe45402eb283e","contentHash":"92e9058df7449819c45587313347de0561191023086f65bd751f6a941fee67bd"},"/home/moreillon/node/cms/routes/v1/tags.js":{"path":"/home/moreillon/node/cms/routes/v1/tags.js","statementMap":{"0":{"start":{"line":1,"column":16},"end":{"line":1,"column":34}},"1":{"start":{"line":2,"column":13},"end":{"line":2,"column":60}},"2":{"start":{"line":4,"column":19},"end":{"line":4,"column":58}},"3":{"start":{"line":6,"column":15},"end":{"line":6,"column":31}},"4":{"start":{"line":10,"column":0},"end":{"line":12,"column":49}},"5":{"start":{"line":14,"column":0},"end":{"line":15,"column":34}},"6":{"start":{"line":17,"column":0},"end":{"line":20,"column":51}},"7":{"start":{"line":24,"column":0},"end":{"line":24,"column":23}}},"fnMap":{},"branchMap":{},"s":{"0":1,"1":1,"2":1,"3":1,"4":1,"5":1,"6":1,"7":1},"f":{},"b":{},"_coverageSchema":"1a1c01bbd47fc00a2c39e90264f33305004495a9","hash":"31d3a33938b073744bf2c1679cafb0f8a71030e8","contentHash":"e7a8dc8d55731e65f5b1d031de51a928424a04f54909b0df140b41e541cea2a8"},"/home/moreillon/node/cms/routes/v1/comments.js":{"path":"/home/moreillon/node/cms/routes/v1/comments.js","statementMap":{"0":{"start":{"line":1,"column":16},"end":{"line":1,"column":34}},"1":{"start":{"line":2,"column":13},"end":{"line":2,"column":60}},"2":{"start":{"line":4,"column":19},"end":{"line":4,"column":62}},"3":{"start":{"line":6,"column":15},"end":{"line":6,"column":31}},"4":{"start":{"line":8,"column":0},"end":{"line":9,"column":34}},"5":{"start":{"line":11,"column":0},"end":{"line":12,"column":55}},"6":{"start":{"line":14,"column":0},"end":{"line":14,"column":23}}},"fnMap":{},"branchMap":{},"s":{"0":1,"1":1,"2":1,"3":1,"4":1,"5":1,"6":1},"f":{},"b":{},"_coverageSchema":"1a1c01bbd47fc00a2c39e90264f33305004495a9","hash":"9ffcd2025f28d24fc55bd35a989d4aa23fd7d3d2","contentHash":"56e0b80745708355de88e95752c91e44fcbe447f05c4c2b6ae11f6e5c8368744"},"/home/moreillon/node/cms/routes/v1/authors.js":{"path":"/home/moreillon/node/cms/routes/v1/authors.js","statementMap":{"0":{"start":{"line":1,"column":16},"end":{"line":1,"column":34}},"1":{"start":{"line":2,"column":13},"end":{"line":2,"column":60}},"2":{"start":{"line":4,"column":19},"end":{"line":4,"column":61}},"3":{"start":{"line":6,"column":15},"end":{"line":6,"column":31}},"4":{"start":{"line":10,"column":0},"end":{"line":10,"column":17}},"5":{"start":{"line":13,"column":0},"end":{"line":14,"column":29}},"6":{"start":{"line":16,"column":0},"end":{"line":16,"column":23}}},"fnMap":{},"branchMap":{},"s":{"0":1,"1":1,"2":1,"3":1,"4":1,"5":1,"6":1},"f":{},"b":{},"_coverageSchema":"1a1c01bbd47fc00a2c39e90264f33305004495a9","hash":"40aa5e1f5e2ead8bcbefd748d236374ea42b641f","contentHash":"bf9fa1404c1dcc3a5c2ecf55b9f32ecc5571f9a6cad000eb036bade3a2416c8a"},"/home/moreillon/node/cms/routes/v2/index.js":{"path":"/home/moreillon/node/cms/routes/v2/index.js","statementMap":{"0":{"start":{"line":1,"column":16},"end":{"line":1,"column":34}},"1":{"start":{"line":3,"column":15},"end":{"line":3,"column":31}},"2":{"start":{"line":5,"column":0},"end":{"line":5,"column":49}},"3":{"start":{"line":6,"column":0},"end":{"line":6,"column":41}},"4":{"start":{"line":7,"column":0},"end":{"line":7,"column":49}},"5":{"start":{"line":8,"column":0},"end":{"line":8,"column":46}},"6":{"start":{"line":11,"column":0},"end":{"line":11,"column":23}}},"fnMap":{},"branchMap":{},"s":{"0":1,"1":1,"2":1,"3":1,"4":1,"5":1,"6":1},"f":{},"b":{},"_coverageSchema":"1a1c01bbd47fc00a2c39e90264f33305004495a9","hash":"6ffe2107582fa42713824b430541889eeca74692","contentHash":"2c68ec43c8ffb4fcdd1869dc5f2211f382867307079a23bc5016fe0041f9fd30"},"/home/moreillon/node/cms/routes/v2/articles.js":{"path":"/home/moreillon/node/cms/routes/v2/articles.js","statementMap":{"0":{"start":{"line":1,"column":17},"end":{"line":1,"column":35}},"1":{"start":{"line":3,"column":13},"end":{"line":3,"column":68}},"2":{"start":{"line":6,"column":27},"end":{"line":6,"column":70}},"3":{"start":{"line":7,"column":23},"end":{"line":7,"column":62}},"4":{"start":{"line":8,"column":26},"end":{"line":8,"column":68}},"5":{"start":{"line":9,"column":27},"end":{"line":9,"column":70}},"6":{"start":{"line":11,"column":15},"end":{"line":11,"column":23}},"7":{"start":{"line":12,"column":21},"end":{"line":12,"column":79}},"8":{"start":{"line":13,"column":25},"end":{"line":13,"column":55}},"9":{"start":{"line":16,"column":0},"end":{"line":18,"column":67}},"10":{"start":{"line":20,"column":0},"end":{"line":23,"column":64}},"11":{"start":{"line":25,"column":0},"end":{"line":26,"column":59}},"12":{"start":{"line":28,"column":0},"end":{"line":29,"column":64}},"13":{"start":{"line":31,"column":0},"end":{"line":32,"column":67}},"14":{"start":{"line":34,"column":0},"end":{"line":34,"column":23}}},"fnMap":{},"branchMap":{},"s":{"0":1,"1":1,"2":1,"3":1,"4":1,"5":1,"6":1,"7":1,"8":1,"9":1,"10":1,"11":1,"12":1,"13":1,"14":1},"f":{},"b":{},"_coverageSchema":"1a1c01bbd47fc00a2c39e90264f33305004495a9","hash":"4f6c620a137cf5b7e6364cac7b23c312ed67c957","contentHash":"90e8f0a2ef74604286a543f3ca6e86c09317c33ed19c8013aab7845a5b5c39ac"},"/home/moreillon/node/cms/controllers/v2/articles.js":{"path":"/home/moreillon/node/cms/controllers/v2/articles.js","statementMap":{"0":{"start":{"line":1,"column":17},"end":{"line":1,"column":39}},"1":{"start":{"line":2,"column":28},"end":{"line":2,"column":62}},"2":{"start":{"line":5,"column":23},"end":{"line":11,"column":1}},"3":{"start":{"line":7,"column":2},"end":{"line":9,"column":28}},"4":{"start":{"line":13,"column":0},"end":{"line":70,"column":1}},"5":{"start":{"line":16,"column":21},"end":{"line":16,"column":40}},"6":{"start":{"line":18,"column":2},"end":{"line":20,"column":3}},"7":{"start":{"line":19,"column":4},"end":{"line":19,"column":53}},"8":{"start":{"line":22,"column":18},"end":{"line":22,"column":34}},"9":{"start":{"line":23,"column":2},"end":{"line":68,"column":37}},"10":{"start":{"line":50,"column":4},"end":{"line":53,"column":5}},"11":{"start":{"line":51,"column":6},"end":{"line":51,"column":52}},"12":{"start":{"line":52,"column":6},"end":{"line":52,"column":68}},"13":{"start":{"line":54,"column":19},"end":{"line":54,"column":29}},"14":{"start":{"line":55,"column":20},"end":{"line":60,"column":5}},"15":{"start":{"line":61,"column":4},"end":{"line":61,"column":21}},"16":{"start":{"line":62,"column":4},"end":{"line":62,"column":48}},"17":{"start":{"line":65,"column":4},"end":{"line":65,"column":22}},"18":{"start":{"line":66,"column":4},"end":{"line":66,"column":59}},"19":{"start":{"line":68,"column":19},"end":{"line":68,"column":34}},"20":{"start":{"line":74,"column":0},"end":{"line":143,"column":1}},"21":{"start":{"line":77,"column":26},"end":{"line":77,"column":50}},"22":{"start":{"line":78,"column":2},"end":{"line":80,"column":3}},"23":{"start":{"line":79,"column":4},"end":{"line":79,"column":83}},"24":{"start":{"line":82,"column":29},"end":{"line":82,"column":45}},"25":{"start":{"line":83,"column":2},"end":{"line":85,"column":3}},"26":{"start":{"line":84,"column":4},"end":{"line":84,"column":66}},"27":{"start":{"line":87,"column":18},"end":{"line":87,"column":40}},"28":{"start":{"line":89,"column":16},"end":{"line":89,"column":32}},"29":{"start":{"line":90,"column":2},"end":{"line":142,"column":37}},"30":{"start":{"line":134,"column":20},"end":{"line":134,"column":45}},"31":{"start":{"line":135,"column":4},"end":{"line":135,"column":21}},"32":{"start":{"line":136,"column":4},"end":{"line":136,"column":54}},"33":{"start":{"line":139,"column":4},"end":{"line":139,"column":22}},"34":{"start":{"line":140,"column":4},"end":{"line":140,"column":60}},"35":{"start":{"line":142,"column":19},"end":{"line":142,"column":34}},"36":{"start":{"line":145,"column":0},"end":{"line":229,"column":1}},"37":{"start":{"line":148,"column":26},"end":{"line":148,"column":50}},"38":{"start":{"line":149,"column":2},"end":{"line":151,"column":3}},"39":{"start":{"line":150,"column":4},"end":{"line":150,"column":83}},"40":{"start":{"line":153,"column":21},"end":{"line":153,"column":40}},"41":{"start":{"line":154,"column":2},"end":{"line":156,"column":3}},"42":{"start":{"line":155,"column":4},"end":{"line":155,"column":53}},"43":{"start":{"line":159,"column":29},"end":{"line":161,"column":34}},"44":{"start":{"line":164,"column":18},"end":{"line":164,"column":34}},"45":{"start":{"line":165,"column":2},"end":{"line":227,"column":37}},"46":{"start":{"line":215,"column":4},"end":{"line":217,"column":5}},"47":{"start":{"line":216,"column":6},"end":{"line":216,"column":107}},"48":{"start":{"line":219,"column":4},"end":{"line":219,"column":48}},"49":{"start":{"line":220,"column":4},"end":{"line":220,"column":39}},"50":{"start":{"line":224,"column":4},"end":{"line":224,"column":22}},"51":{"start":{"line":225,"column":4},"end":{"line":225,"column":60}},"52":{"start":{"line":227,"column":19},"end":{"line":227,"column":34}},"53":{"start":{"line":231,"column":0},"end":{"line":277,"column":1}},"54":{"start":{"line":233,"column":26},"end":{"line":233,"column":50}},"55":{"start":{"line":234,"column":2},"end":{"line":236,"column":3}},"56":{"start":{"line":235,"column":4},"end":{"line":235,"column":83}},"57":{"start":{"line":238,"column":21},"end":{"line":238,"column":42}},"58":{"start":{"line":239,"column":2},"end":{"line":241,"column":3}},"59":{"start":{"line":240,"column":4},"end":{"line":240,"column":53}},"60":{"start":{"line":243,"column":16},"end":{"line":243,"column":32}},"61":{"start":{"line":244,"column":2},"end":{"line":276,"column":37}},"62":{"start":{"line":264,"column":4},"end":{"line":266,"column":5}},"63":{"start":{"line":265,"column":6},"end":{"line":265,"column":107}},"64":{"start":{"line":268,"column":4},"end":{"line":268,"column":48}},"65":{"start":{"line":269,"column":4},"end":{"line":269,"column":44}},"66":{"start":{"line":273,"column":4},"end":{"line":273,"column":22}},"67":{"start":{"line":274,"column":4},"end":{"line":274,"column":60}},"68":{"start":{"line":276,"column":19},"end":{"line":276,"column":34}},"69":{"start":{"line":280,"column":0},"end":{"line":386,"column":1}},"70":{"start":{"line":283,"column":20},"end":{"line":293,"column":5}},"71":{"start":{"line":285,"column":20},"end":{"line":285,"column":46}},"72":{"start":{"line":286,"column":29},"end":{"line":286,"column":112}},"73":{"start":{"line":288,"column":6},"end":{"line":290,"column":7}},"74":{"start":{"line":289,"column":8},"end":{"line":289,"column":83}},"75":{"start":{"line":289,"column":43},"end":{"line":289,"column":83}},"76":{"start":{"line":292,"column":6},"end":{"line":292,"column":20}},"77":{"start":{"line":296,"column":21},"end":{"line":300,"column":5}},"78":{"start":{"line":297,"column":25},"end":{"line":297,"column":79}},"79":{"start":{"line":298,"column":26},"end":{"line":298,"column":81}},"80":{"start":{"line":299,"column":6},"end":{"line":299,"column":111}},"81":{"start":{"line":304,"column":18},"end":{"line":349,"column":7}},"82":{"start":{"line":351,"column":19},"end":{"line":360,"column":7}},"83":{"start":{"line":364,"column":20},"end":{"line":364,"column":36}},"84":{"start":{"line":365,"column":4},"end":{"line":385,"column":39}},"85":{"start":{"line":368,"column":21},"end":{"line":376,"column":7}},"86":{"start":{"line":370,"column":55},"end":{"line":375,"column":9}},"87":{"start":{"line":378,"column":6},"end":{"line":378,"column":22}},"88":{"start":{"line":379,"column":6},"end":{"line":379,"column":41}},"89":{"start":{"line":382,"column":6},"end":{"line":382,"column":24}},"90":{"start":{"line":383,"column":6},"end":{"line":383,"column":62}},"91":{"start":{"line":385,"column":21},"end":{"line":385,"column":36}}},"fnMap":{"0":{"name":"(anonymous_0)","decl":{"start":{"line":5,"column":23},"end":{"line":5,"column":24}},"loc":{"start":{"line":5,"column":32},"end":{"line":11,"column":1}},"line":5},"1":{"name":"(anonymous_1)","decl":{"start":{"line":13,"column":22},"end":{"line":13,"column":23}},"loc":{"start":{"line":13,"column":36},"end":{"line":70,"column":1}},"line":13},"2":{"name":"(anonymous_2)","decl":{"start":{"line":49,"column":8},"end":{"line":49,"column":9}},"loc":{"start":{"line":49,"column":23},"end":{"line":63,"column":3}},"line":49},"3":{"name":"(anonymous_3)","decl":{"start":{"line":64,"column":9},"end":{"line":64,"column":10}},"loc":{"start":{"line":64,"column":18},"end":{"line":67,"column":3}},"line":64},"4":{"name":"(anonymous_4)","decl":{"start":{"line":68,"column":11},"end":{"line":68,"column":12}},"loc":{"start":{"line":68,"column":17},"end":{"line":68,"column":36}},"line":68},"5":{"name":"(anonymous_5)","decl":{"start":{"line":74,"column":25},"end":{"line":74,"column":26}},"loc":{"start":{"line":74,"column":39},"end":{"line":143,"column":1}},"line":74},"6":{"name":"(anonymous_6)","decl":{"start":{"line":133,"column":9},"end":{"line":133,"column":10}},"loc":{"start":{"line":133,"column":24},"end":{"line":137,"column":3}},"line":133},"7":{"name":"(anonymous_7)","decl":{"start":{"line":138,"column":9},"end":{"line":138,"column":10}},"loc":{"start":{"line":138,"column":18},"end":{"line":141,"column":3}},"line":138},"8":{"name":"(anonymous_8)","decl":{"start":{"line":142,"column":11},"end":{"line":142,"column":12}},"loc":{"start":{"line":142,"column":17},"end":{"line":142,"column":36}},"line":142},"9":{"name":"(anonymous_9)","decl":{"start":{"line":145,"column":25},"end":{"line":145,"column":26}},"loc":{"start":{"line":145,"column":39},"end":{"line":229,"column":1}},"line":145},"10":{"name":"(anonymous_10)","decl":{"start":{"line":213,"column":9},"end":{"line":213,"column":10}},"loc":{"start":{"line":213,"column":24},"end":{"line":221,"column":3}},"line":213},"11":{"name":"(anonymous_11)","decl":{"start":{"line":223,"column":9},"end":{"line":223,"column":10}},"loc":{"start":{"line":223,"column":18},"end":{"line":226,"column":3}},"line":223},"12":{"name":"(anonymous_12)","decl":{"start":{"line":227,"column":11},"end":{"line":227,"column":12}},"loc":{"start":{"line":227,"column":17},"end":{"line":227,"column":36}},"line":227},"13":{"name":"(anonymous_13)","decl":{"start":{"line":231,"column":25},"end":{"line":231,"column":26}},"loc":{"start":{"line":231,"column":39},"end":{"line":277,"column":1}},"line":231},"14":{"name":"(anonymous_14)","decl":{"start":{"line":262,"column":8},"end":{"line":262,"column":9}},"loc":{"start":{"line":262,"column":18},"end":{"line":271,"column":3}},"line":262},"15":{"name":"(anonymous_15)","decl":{"start":{"line":272,"column":9},"end":{"line":272,"column":10}},"loc":{"start":{"line":272,"column":18},"end":{"line":275,"column":3}},"line":272},"16":{"name":"(anonymous_16)","decl":{"start":{"line":276,"column":11},"end":{"line":276,"column":12}},"loc":{"start":{"line":276,"column":17},"end":{"line":276,"column":36}},"line":276},"17":{"name":"(anonymous_17)","decl":{"start":{"line":280,"column":27},"end":{"line":280,"column":28}},"loc":{"start":{"line":280,"column":41},"end":{"line":386,"column":1}},"line":280},"18":{"name":"(anonymous_18)","decl":{"start":{"line":283,"column":20},"end":{"line":283,"column":21}},"loc":{"start":{"line":283,"column":26},"end":{"line":293,"column":5}},"line":283},"19":{"name":"(anonymous_19)","decl":{"start":{"line":296,"column":21},"end":{"line":296,"column":22}},"loc":{"start":{"line":296,"column":27},"end":{"line":300,"column":5}},"line":296},"20":{"name":"(anonymous_20)","decl":{"start":{"line":366,"column":10},"end":{"line":366,"column":11}},"loc":{"start":{"line":366,"column":25},"end":{"line":380,"column":5}},"line":366},"21":{"name":"(anonymous_21)","decl":{"start":{"line":370,"column":49},"end":{"line":370,"column":50}},"loc":{"start":{"line":370,"column":55},"end":{"line":375,"column":9}},"line":370},"22":{"name":"(anonymous_22)","decl":{"start":{"line":381,"column":11},"end":{"line":381,"column":12}},"loc":{"start":{"line":381,"column":20},"end":{"line":384,"column":5}},"line":381},"23":{"name":"(anonymous_23)","decl":{"start":{"line":385,"column":13},"end":{"line":385,"column":14}},"loc":{"start":{"line":385,"column":19},"end":{"line":385,"column":38}},"line":385}},"branchMap":{"0":{"loc":{"start":{"line":7,"column":9},"end":{"line":9,"column":28}},"type":"binary-expr","locations":[{"start":{"line":7,"column":9},"end":{"line":7,"column":21}},{"start":{"line":8,"column":7},"end":{"line":8,"column":27}},{"start":{"line":9,"column":7},"end":{"line":9,"column":28}}],"line":7},"1":{"loc":{"start":{"line":18,"column":2},"end":{"line":20,"column":3}},"type":"if","locations":[{"start":{"line":18,"column":2},"end":{"line":20,"column":3}},{"start":{"line":18,"column":2},"end":{"line":20,"column":3}}],"line":18},"2":{"loc":{"start":{"line":33,"column":8},"end":{"line":33,"column":74}},"type":"cond-expr","locations":[{"start":{"line":33,"column":26},"end":{"line":33,"column":69}},{"start":{"line":33,"column":72},"end":{"line":33,"column":74}}],"line":33},"3":{"loc":{"start":{"line":50,"column":4},"end":{"line":53,"column":5}},"type":"if","locations":[{"start":{"line":50,"column":4},"end":{"line":53,"column":5}},{"start":{"line":50,"column":4},"end":{"line":53,"column":5}}],"line":50},"4":{"loc":{"start":{"line":78,"column":2},"end":{"line":80,"column":3}},"type":"if","locations":[{"start":{"line":78,"column":2},"end":{"line":80,"column":3}},{"start":{"line":78,"column":2},"end":{"line":80,"column":3}}],"line":78},"5":{"loc":{"start":{"line":83,"column":2},"end":{"line":85,"column":3}},"type":"if","locations":[{"start":{"line":83,"column":2},"end":{"line":85,"column":3}},{"start":{"line":83,"column":2},"end":{"line":85,"column":3}}],"line":83},"6":{"loc":{"start":{"line":87,"column":18},"end":{"line":87,"column":40}},"type":"binary-expr","locations":[{"start":{"line":87,"column":18},"end":{"line":87,"column":34}},{"start":{"line":87,"column":38},"end":{"line":87,"column":40}}],"line":87},"7":{"loc":{"start":{"line":149,"column":2},"end":{"line":151,"column":3}},"type":"if","locations":[{"start":{"line":149,"column":2},"end":{"line":151,"column":3}},{"start":{"line":149,"column":2},"end":{"line":151,"column":3}}],"line":149},"8":{"loc":{"start":{"line":154,"column":2},"end":{"line":156,"column":3}},"type":"if","locations":[{"start":{"line":154,"column":2},"end":{"line":156,"column":3}},{"start":{"line":154,"column":2},"end":{"line":156,"column":3}}],"line":154},"9":{"loc":{"start":{"line":159,"column":29},"end":{"line":161,"column":34}},"type":"binary-expr","locations":[{"start":{"line":159,"column":29},"end":{"line":159,"column":56}},{"start":{"line":160,"column":7},"end":{"line":160,"column":26}},{"start":{"line":161,"column":7},"end":{"line":161,"column":34}}],"line":159},"10":{"loc":{"start":{"line":215,"column":4},"end":{"line":217,"column":5}},"type":"if","locations":[{"start":{"line":215,"column":4},"end":{"line":217,"column":5}},{"start":{"line":215,"column":4},"end":{"line":217,"column":5}}],"line":215},"11":{"loc":{"start":{"line":234,"column":2},"end":{"line":236,"column":3}},"type":"if","locations":[{"start":{"line":234,"column":2},"end":{"line":236,"column":3}},{"start":{"line":234,"column":2},"end":{"line":236,"column":3}}],"line":234},"12":{"loc":{"start":{"line":239,"column":2},"end":{"line":241,"column":3}},"type":"if","locations":[{"start":{"line":239,"column":2},"end":{"line":241,"column":3}},{"start":{"line":239,"column":2},"end":{"line":241,"column":3}}],"line":239},"13":{"loc":{"start":{"line":264,"column":4},"end":{"line":266,"column":5}},"type":"if","locations":[{"start":{"line":264,"column":4},"end":{"line":266,"column":5}},{"start":{"line":264,"column":4},"end":{"line":266,"column":5}}],"line":264},"14":{"loc":{"start":{"line":288,"column":6},"end":{"line":290,"column":7}},"type":"if","locations":[{"start":{"line":288,"column":6},"end":{"line":290,"column":7}},{"start":{"line":288,"column":6},"end":{"line":290,"column":7}}],"line":288},"15":{"loc":{"start":{"line":289,"column":8},"end":{"line":289,"column":83}},"type":"if","locations":[{"start":{"line":289,"column":8},"end":{"line":289,"column":83}},{"start":{"line":289,"column":8},"end":{"line":289,"column":83}}],"line":289},"16":{"loc":{"start":{"line":297,"column":25},"end":{"line":297,"column":79}},"type":"cond-expr","locations":[{"start":{"line":297,"column":48},"end":{"line":297,"column":72}},{"start":{"line":297,"column":75},"end":{"line":297,"column":79}}],"line":297},"17":{"loc":{"start":{"line":298,"column":26},"end":{"line":298,"column":81}},"type":"cond-expr","locations":[{"start":{"line":298,"column":50},"end":{"line":298,"column":75}},{"start":{"line":298,"column":78},"end":{"line":298,"column":81}}],"line":298},"18":{"loc":{"start":{"line":310,"column":8},"end":{"line":310,"column":74}},"type":"cond-expr","locations":[{"start":{"line":310,"column":26},"end":{"line":310,"column":69}},{"start":{"line":310,"column":72},"end":{"line":310,"column":74}}],"line":310},"19":{"loc":{"start":{"line":314,"column":8},"end":{"line":314,"column":89}},"type":"cond-expr","locations":[{"start":{"line":314,"column":28},"end":{"line":314,"column":84}},{"start":{"line":314,"column":87},"end":{"line":314,"column":89}}],"line":314},"20":{"loc":{"start":{"line":318,"column":8},"end":{"line":318,"column":109}},"type":"cond-expr","locations":[{"start":{"line":318,"column":27},"end":{"line":318,"column":104}},{"start":{"line":318,"column":107},"end":{"line":318,"column":109}}],"line":318},"21":{"loc":{"start":{"line":322,"column":8},"end":{"line":322,"column":121}},"type":"cond-expr","locations":[{"start":{"line":322,"column":30},"end":{"line":322,"column":116}},{"start":{"line":322,"column":119},"end":{"line":322,"column":121}}],"line":322},"22":{"loc":{"start":{"line":333,"column":30},"end":{"line":333,"column":72}},"type":"cond-expr","locations":[{"start":{"line":333,"column":58},"end":{"line":333,"column":63}},{"start":{"line":333,"column":66},"end":{"line":333,"column":72}}],"line":333}},"s":{"0":1,"1":1,"2":1,"3":0,"4":1,"5":0,"6":0,"7":0,"8":0,"9":0,"10":0,"11":0,"12":0,"13":0,"14":0,"15":0,"16":0,"17":0,"18":0,"19":0,"20":1,"21":0,"22":0,"23":0,"24":0,"25":0,"26":0,"27":0,"28":0,"29":0,"30":0,"31":0,"32":0,"33":0,"34":0,"35":0,"36":1,"37":0,"38":0,"39":0,"40":0,"41":0,"42":0,"43":0,"44":0,"45":0,"46":0,"47":0,"48":0,"49":0,"50":0,"51":0,"52":0,"53":1,"54":0,"55":0,"56":0,"57":0,"58":0,"59":0,"60":0,"61":0,"62":0,"63":0,"64":0,"65":0,"66":0,"67":0,"68":0,"69":1,"70":0,"71":0,"72":0,"73":0,"74":0,"75":0,"76":0,"77":0,"78":0,"79":0,"80":0,"81":0,"82":0,"83":0,"84":0,"85":0,"86":0,"87":0,"88":0,"89":0,"90":0,"91":0},"f":{"0":0,"1":0,"2":0,"3":0,"4":0,"5":0,"6":0,"7":0,"8":0,"9":0,"10":0,"11":0,"12":0,"13":0,"14":0,"15":0,"16":0,"17":0,"18":0,"19":0,"20":0,"21":0,"22":0,"23":0},"b":{"0":[0,0,0],"1":[0,0],"2":[0,0],"3":[0,0],"4":[0,0],"5":[0,0],"6":[0,0],"7":[0,0],"8":[0,0],"9":[0,0,0],"10":[0,0],"11":[0,0],"12":[0,0],"13":[0,0],"14":[0,0],"15":[0,0],"16":[0,0],"17":[0,0],"18":[0,0],"19":[0,0],"20":[0,0],"21":[0,0],"22":[0,0]},"_coverageSchema":"1a1c01bbd47fc00a2c39e90264f33305004495a9","hash":"836d9bb338dcc8d087b81ff27fabc3cedcb0f239","contentHash":"a485f3dce29474ed8057259572676208a6502e5ea878755c7116ed1bc00ddfea"},"/home/moreillon/node/cms/controllers/v2/tags.js":{"path":"/home/moreillon/node/cms/controllers/v2/tags.js","statementMap":{"0":{"start":{"line":1,"column":17},"end":{"line":1,"column":39}},"1":{"start":{"line":2,"column":23},"end":{"line":2,"column":57}},"2":{"start":{"line":5,"column":2},"end":{"line":7,"column":19}},"3":{"start":{"line":11,"column":0},"end":{"line":28,"column":1}},"4":{"start":{"line":14,"column":17},"end":{"line":14,"column":32}},"5":{"start":{"line":16,"column":16},"end":{"line":16,"column":32}},"6":{"start":{"line":17,"column":2},"end":{"line":27,"column":37}},"7":{"start":{"line":25,"column":20},"end":{"line":25,"column":58}},"8":{"start":{"line":26,"column":20},"end":{"line":26,"column":71}},"9":{"start":{"line":27,"column":19},"end":{"line":27,"column":34}},"10":{"start":{"line":30,"column":0},"end":{"line":54,"column":1}},"11":{"start":{"line":33,"column":19},"end":{"line":33,"column":36}},"12":{"start":{"line":35,"column":16},"end":{"line":35,"column":32}},"13":{"start":{"line":36,"column":2},"end":{"line":53,"column":37}},"14":{"start":{"line":44,"column":4},"end":{"line":44,"column":51}},"15":{"start":{"line":44,"column":24},"end":{"line":44,"column":51}},"16":{"start":{"line":45,"column":4},"end":{"line":45,"column":47}},"17":{"start":{"line":46,"column":16},"end":{"line":46,"column":37}},"18":{"start":{"line":47,"column":4},"end":{"line":47,"column":17}},"19":{"start":{"line":50,"column":4},"end":{"line":50,"column":22}},"20":{"start":{"line":51,"column":4},"end":{"line":51,"column":56}},"21":{"start":{"line":53,"column":19},"end":{"line":53,"column":34}},"22":{"start":{"line":56,"column":0},"end":{"line":83,"column":1}},"23":{"start":{"line":59,"column":15},"end":{"line":59,"column":30}},"24":{"start":{"line":61,"column":2},"end":{"line":61,"column":121}},"25":{"start":{"line":61,"column":42},"end":{"line":61,"column":121}},"26":{"start":{"line":63,"column":16},"end":{"line":63,"column":32}},"27":{"start":{"line":64,"column":2},"end":{"line":82,"column":37}},"28":{"start":{"line":75,"column":4},"end":{"line":75,"column":40}},"29":{"start":{"line":76,"column":4},"end":{"line":76,"column":28}},"30":{"start":{"line":79,"column":4},"end":{"line":79,"column":22}},"31":{"start":{"line":80,"column":4},"end":{"line":80,"column":56}},"32":{"start":{"line":82,"column":19},"end":{"line":82,"column":34}},"33":{"start":{"line":85,"column":0},"end":{"line":110,"column":1}},"34":{"start":{"line":88,"column":2},"end":{"line":88,"column":121}},"35":{"start":{"line":88,"column":42},"end":{"line":88,"column":121}},"36":{"start":{"line":90,"column":15},"end":{"line":90,"column":30}},"37":{"start":{"line":92,"column":16},"end":{"line":92,"column":32}},"38":{"start":{"line":93,"column":2},"end":{"line":109,"column":37}},"39":{"start":{"line":102,"column":4},"end":{"line":102,"column":40}},"40":{"start":{"line":103,"column":4},"end":{"line":103,"column":40}},"41":{"start":{"line":106,"column":4},"end":{"line":106,"column":24}},"42":{"start":{"line":107,"column":4},"end":{"line":107,"column":56}},"43":{"start":{"line":109,"column":19},"end":{"line":109,"column":34}},"44":{"start":{"line":112,"column":0},"end":{"line":129,"column":1}},"45":{"start":{"line":115,"column":16},"end":{"line":115,"column":32}},"46":{"start":{"line":116,"column":2},"end":{"line":128,"column":37}},"47":{"start":{"line":122,"column":4},"end":{"line":122,"column":54}},"48":{"start":{"line":122,"column":35},"end":{"line":122,"column":52}},"49":{"start":{"line":125,"column":4},"end":{"line":125,"column":22}},"50":{"start":{"line":126,"column":4},"end":{"line":126,"column":60}},"51":{"start":{"line":128,"column":19},"end":{"line":128,"column":34}},"52":{"start":{"line":131,"column":0},"end":{"line":145,"column":1}},"53":{"start":{"line":133,"column":16},"end":{"line":133,"column":32}},"54":{"start":{"line":134,"column":2},"end":{"line":144,"column":37}},"55":{"start":{"line":139,"column":20},"end":{"line":139,"column":44}},"56":{"start":{"line":141,"column":4},"end":{"line":141,"column":22}},"57":{"start":{"line":142,"column":4},"end":{"line":142,"column":68}},"58":{"start":{"line":144,"column":19},"end":{"line":144,"column":34}},"59":{"start":{"line":147,"column":0},"end":{"line":173,"column":1}},"60":{"start":{"line":150,"column":21},"end":{"line":151,"column":28}},"61":{"start":{"line":153,"column":16},"end":{"line":153,"column":32}},"62":{"start":{"line":154,"column":2},"end":{"line":172,"column":37}},"63":{"start":{"line":170,"column":20},"end":{"line":170,"column":44}},"64":{"start":{"line":171,"column":20},"end":{"line":171,"column":72}},"65":{"start":{"line":172,"column":19},"end":{"line":172,"column":34}}},"fnMap":{"0":{"name":"get_tag_id","decl":{"start":{"line":4,"column":9},"end":{"line":4,"column":19}},"loc":{"start":{"line":4,"column":25},"end":{"line":9,"column":1}},"line":4},"1":{"name":"(anonymous_1)","decl":{"start":{"line":11,"column":18},"end":{"line":11,"column":19}},"loc":{"start":{"line":11,"column":32},"end":{"line":28,"column":1}},"line":11},"2":{"name":"(anonymous_2)","decl":{"start":{"line":25,"column":8},"end":{"line":25,"column":9}},"loc":{"start":{"line":25,"column":18},"end":{"line":25,"column":60}},"line":25},"3":{"name":"(anonymous_3)","decl":{"start":{"line":26,"column":9},"end":{"line":26,"column":10}},"loc":{"start":{"line":26,"column":18},"end":{"line":26,"column":73}},"line":26},"4":{"name":"(anonymous_4)","decl":{"start":{"line":27,"column":11},"end":{"line":27,"column":12}},"loc":{"start":{"line":27,"column":17},"end":{"line":27,"column":36}},"line":27},"5":{"name":"(anonymous_5)","decl":{"start":{"line":30,"column":21},"end":{"line":30,"column":22}},"loc":{"start":{"line":30,"column":35},"end":{"line":54,"column":1}},"line":30},"6":{"name":"(anonymous_6)","decl":{"start":{"line":43,"column":8},"end":{"line":43,"column":9}},"loc":{"start":{"line":43,"column":23},"end":{"line":48,"column":3}},"line":43},"7":{"name":"(anonymous_7)","decl":{"start":{"line":49,"column":9},"end":{"line":49,"column":10}},"loc":{"start":{"line":49,"column":18},"end":{"line":52,"column":4}},"line":49},"8":{"name":"(anonymous_8)","decl":{"start":{"line":53,"column":11},"end":{"line":53,"column":12}},"loc":{"start":{"line":53,"column":17},"end":{"line":53,"column":36}},"line":53},"9":{"name":"(anonymous_9)","decl":{"start":{"line":56,"column":21},"end":{"line":56,"column":22}},"loc":{"start":{"line":56,"column":35},"end":{"line":83,"column":1}},"line":56},"10":{"name":"(anonymous_10)","decl":{"start":{"line":74,"column":8},"end":{"line":74,"column":9}},"loc":{"start":{"line":74,"column":18},"end":{"line":77,"column":3}},"line":74},"11":{"name":"(anonymous_11)","decl":{"start":{"line":78,"column":9},"end":{"line":78,"column":10}},"loc":{"start":{"line":78,"column":18},"end":{"line":81,"column":3}},"line":78},"12":{"name":"(anonymous_12)","decl":{"start":{"line":82,"column":11},"end":{"line":82,"column":12}},"loc":{"start":{"line":82,"column":17},"end":{"line":82,"column":36}},"line":82},"13":{"name":"(anonymous_13)","decl":{"start":{"line":85,"column":21},"end":{"line":85,"column":22}},"loc":{"start":{"line":85,"column":35},"end":{"line":110,"column":1}},"line":85},"14":{"name":"(anonymous_14)","decl":{"start":{"line":101,"column":8},"end":{"line":101,"column":9}},"loc":{"start":{"line":101,"column":18},"end":{"line":104,"column":4}},"line":101},"15":{"name":"(anonymous_15)","decl":{"start":{"line":105,"column":9},"end":{"line":105,"column":10}},"loc":{"start":{"line":105,"column":18},"end":{"line":108,"column":3}},"line":105},"16":{"name":"(anonymous_16)","decl":{"start":{"line":109,"column":11},"end":{"line":109,"column":12}},"loc":{"start":{"line":109,"column":17},"end":{"line":109,"column":36}},"line":109},"17":{"name":"(anonymous_17)","decl":{"start":{"line":112,"column":23},"end":{"line":112,"column":24}},"loc":{"start":{"line":112,"column":37},"end":{"line":129,"column":1}},"line":112},"18":{"name":"(anonymous_18)","decl":{"start":{"line":121,"column":9},"end":{"line":121,"column":10}},"loc":{"start":{"line":121,"column":24},"end":{"line":123,"column":3}},"line":121},"19":{"name":"(anonymous_19)","decl":{"start":{"line":122,"column":25},"end":{"line":122,"column":26}},"loc":{"start":{"line":122,"column":35},"end":{"line":122,"column":52}},"line":122},"20":{"name":"(anonymous_20)","decl":{"start":{"line":124,"column":9},"end":{"line":124,"column":10}},"loc":{"start":{"line":124,"column":18},"end":{"line":127,"column":4}},"line":124},"21":{"name":"(anonymous_21)","decl":{"start":{"line":128,"column":11},"end":{"line":128,"column":12}},"loc":{"start":{"line":128,"column":17},"end":{"line":128,"column":36}},"line":128},"22":{"name":"(anonymous_22)","decl":{"start":{"line":131,"column":26},"end":{"line":131,"column":27}},"loc":{"start":{"line":131,"column":40},"end":{"line":145,"column":1}},"line":131},"23":{"name":"(anonymous_23)","decl":{"start":{"line":139,"column":8},"end":{"line":139,"column":9}},"loc":{"start":{"line":139,"column":18},"end":{"line":139,"column":46}},"line":139},"24":{"name":"(anonymous_24)","decl":{"start":{"line":140,"column":9},"end":{"line":140,"column":10}},"loc":{"start":{"line":140,"column":18},"end":{"line":143,"column":3}},"line":140},"25":{"name":"(anonymous_25)","decl":{"start":{"line":144,"column":11},"end":{"line":144,"column":12}},"loc":{"start":{"line":144,"column":17},"end":{"line":144,"column":36}},"line":144},"26":{"name":"(anonymous_26)","decl":{"start":{"line":147,"column":27},"end":{"line":147,"column":28}},"loc":{"start":{"line":147,"column":41},"end":{"line":173,"column":1}},"line":147},"27":{"name":"(anonymous_27)","decl":{"start":{"line":170,"column":8},"end":{"line":170,"column":9}},"loc":{"start":{"line":170,"column":18},"end":{"line":170,"column":46}},"line":170},"28":{"name":"(anonymous_28)","decl":{"start":{"line":171,"column":9},"end":{"line":171,"column":10}},"loc":{"s
[...]
18},"end":{"line":106,"column":3}},"line":103},"12":{"name":"(anonymous_12)","decl":{"start":{"line":107,"column":11},"end":{"line":107,"column":12}},"loc":{"start":{"line":107,"column":17},"end":{"line":107,"column":36}},"line":107},"13":{"name":"(anonymous_13)","decl":{"start":{"line":110,"column":21},"end":{"line":110,"column":22}},"loc":{"start":{"line":110,"column":35},"end":{"line":137,"column":1}},"line":110},"14":{"name":"(anonymous_14)","decl":{"start":{"line":127,"column":9},"end":{"line":127,"column":10}},"loc":{"start":{"line":127,"column":24},"end":{"line":131,"column":4}},"line":127},"15":{"name":"(anonymous_15)","decl":{"start":{"line":132,"column":9},"end":{"line":132,"column":10}},"loc":{"start":{"line":132,"column":18},"end":{"line":135,"column":3}},"line":132},"16":{"name":"(anonymous_16)","decl":{"start":{"line":136,"column":11},"end":{"line":136,"column":12}},"loc":{"start":{"line":136,"column":17},"end":{"line":136,"column":36}},"line":136},"17":{"name":"(anonymous_17)","decl":{"start":{"line":139,"column":23},"end":{"line":139,"column":24}},"loc":{"start":{"line":139,"column":37},"end":{"line":159,"column":1}},"line":139},"18":{"name":"(anonymous_18)","decl":{"start":{"line":148,"column":9},"end":{"line":148,"column":10}},"loc":{"start":{"line":148,"column":24},"end":{"line":153,"column":3}},"line":148},"19":{"name":"(anonymous_19)","decl":{"start":{"line":151,"column":25},"end":{"line":151,"column":26}},"loc":{"start":{"line":151,"column":35},"end":{"line":151,"column":52}},"line":151},"20":{"name":"(anonymous_20)","decl":{"start":{"line":154,"column":9},"end":{"line":154,"column":10}},"loc":{"start":{"line":154,"column":18},"end":{"line":157,"column":4}},"line":154},"21":{"name":"(anonymous_21)","decl":{"start":{"line":158,"column":11},"end":{"line":158,"column":12}},"loc":{"start":{"line":158,"column":17},"end":{"line":158,"column":36}},"line":158},"22":{"name":"(anonymous_22)","decl":{"start":{"line":161,"column":26},"end":{"line":161,"column":27}},"loc":{"start":{"line":161,"column":40},"end":{"line":179,"column":1}},"line":161},"23":{"name":"(anonymous_23)","decl":{"start":{"line":173,"column":8},"end":{"line":173,"column":9}},"loc":{"start":{"line":173,"column":18},"end":{"line":173,"column":46}},"line":173},"24":{"name":"(anonymous_24)","decl":{"start":{"line":174,"column":9},"end":{"line":174,"column":10}},"loc":{"start":{"line":174,"column":18},"end":{"line":177,"column":3}},"line":174},"25":{"name":"(anonymous_25)","decl":{"start":{"line":178,"column":11},"end":{"line":178,"column":12}},"loc":{"start":{"line":178,"column":17},"end":{"line":178,"column":36}},"line":178},"26":{"name":"(anonymous_26)","decl":{"start":{"line":181,"column":27},"end":{"line":181,"column":28}},"loc":{"start":{"line":181,"column":41},"end":{"line":212,"column":1}},"line":181},"27":{"name":"(anonymous_27)","decl":{"start":{"line":206,"column":8},"end":{"line":206,"column":9}},"loc":{"start":{"line":206,"column":18},"end":{"line":206,"column":46}},"line":206},"28":{"name":"(anonymous_28)","decl":{"start":{"line":207,"column":9},"end":{"line":207,"column":10}},"loc":{"start":{"line":207,"column":18},"end":{"line":210,"column":3}},"line":207},"29":{"name":"(anonymous_29)","decl":{"start":{"line":211,"column":11},"end":{"line":211,"column":12}},"loc":{"start":{"line":211,"column":17},"end":{"line":211,"column":36}},"line":211}},"branchMap":{"0":{"loc":{"start":{"line":9,"column":9},"end":{"line":11,"column":19}},"type":"binary-expr","locations":[{"start":{"line":9,"column":9},"end":{"line":9,"column":26}},{"start":{"line":10,"column":7},"end":{"line":10,"column":23}},{"start":{"line":11,"column":7},"end":{"line":11,"column":19}}],"line":9},"1":{"loc":{"start":{"line":30,"column":4},"end":{"line":30,"column":55}},"type":"if","locations":[{"start":{"line":30,"column":4},"end":{"line":30,"column":55}},{"start":{"line":30,"column":4},"end":{"line":30,"column":55}}],"line":30},"2":{"loc":{"start":{"line":47,"column":2},"end":{"line":47,"column":59}},"type":"if","locations":[{"start":{"line":47,"column":2},"end":{"line":47,"column":59}},{"start":{"line":47,"column":2},"end":{"line":47,"column":59}}],"line":47},"3":{"loc":{"start":{"line":62,"column":4},"end":{"line":62,"column":51}},"type":"if","locations":[{"start":{"line":62,"column":4},"end":{"line":62,"column":51}},{"start":{"line":62,"column":4},"end":{"line":62,"column":51}}],"line":62},"4":{"loc":{"start":{"line":83,"column":2},"end":{"line":83,"column":113}},"type":"if","locations":[{"start":{"line":83,"column":2},"end":{"line":83,"column":113}},{"start":{"line":83,"column":2},"end":{"line":83,"column":113}}],"line":83},"5":{"loc":{"start":{"line":98,"column":4},"end":{"line":98,"column":62}},"type":"if","locations":[{"start":{"line":98,"column":4},"end":{"line":98,"column":62}},{"start":{"line":98,"column":4},"end":{"line":98,"column":62}}],"line":98},"6":{"loc":{"start":{"line":113,"column":2},"end":{"line":113,"column":113}},"type":"if","locations":[{"start":{"line":113,"column":2},"end":{"line":113,"column":113}},{"start":{"line":113,"column":2},"end":{"line":113,"column":113}}],"line":113},"7":{"loc":{"start":{"line":128,"column":4},"end":{"line":128,"column":64}},"type":"if","locations":[{"start":{"line":128,"column":4},"end":{"line":128,"column":64}},{"start":{"line":128,"column":4},"end":{"line":128,"column":64}}],"line":128},"8":{"loc":{"start":{"line":186,"column":21},"end":{"line":187,"column":28}},"type":"binary-expr","locations":[{"start":{"line":186,"column":21},"end":{"line":186,"column":33}},{"start":{"line":187,"column":7},"end":{"line":187,"column":28}}],"line":186},"9":{"loc":{"start":{"line":199,"column":6},"end":{"line":199,"column":63}},"type":"cond-expr","locations":[{"start":{"line":199,"column":24},"end":{"line":199,"column":58}},{"start":{"line":199,"column":61},"end":{"line":199,"column":63}}],"line":199}},"s":{"0":1,"1":1,"2":1,"3":2,"4":1,"5":0,"6":0,"7":0,"8":0,"9":0,"10":0,"11":0,"12":0,"13":0,"14":0,"15":0,"16":1,"17":1,"18":1,"19":0,"20":1,"21":1,"22":1,"23":1,"24":1,"25":0,"26":1,"27":1,"28":1,"29":0,"30":0,"31":1,"32":1,"33":1,"34":1,"35":1,"36":0,"37":1,"38":1,"39":1,"40":1,"41":1,"42":0,"43":1,"44":1,"45":1,"46":0,"47":0,"48":1,"49":1,"50":1,"51":0,"52":1,"53":1,"54":1,"55":1,"56":0,"57":1,"58":1,"59":0,"60":0,"61":1,"62":1,"63":1,"64":1,"65":1,"66":1,"67":6,"68":0,"69":0,"70":1,"71":1,"72":0,"73":0,"74":0,"75":0,"76":0,"77":0,"78":1,"79":0,"80":0,"81":0,"82":0,"83":0,"84":0,"85":0},"f":{"0":2,"1":0,"2":0,"3":0,"4":0,"5":1,"6":1,"7":0,"8":1,"9":1,"10":1,"11":0,"12":1,"13":1,"14":1,"15":0,"16":1,"17":1,"18":1,"19":6,"20":0,"21":1,"22":0,"23":0,"24":0,"25":0,"26":0,"27":0,"28":0,"29":0},"b":{"0":[2,0,0],"1":[0,0],"2":[0,1],"3":[0,1],"4":[0,1],"5":[0,1],"6":[0,1],"7":[0,1],"8":[0,0],"9":[0,0]},"_coverageSchema":"1a1c01bbd47fc00a2c39e90264f33305004495a9","hash":"7c8a11c27ad307b93358f2ec1b90f46b0376a454","contentHash":"6f2107fcfbe9a340f5fa224c2ea79f6544c87f54a6c0dd12ae10a2728f63206c"},"/home/moreillon/node/cms/controllers/v3/authors.js":{"path":"/home/moreillon/node/cms/controllers/v3/authors.js","statementMap":{"0":{"start":{"line":1,"column":17},"end":{"line":1,"column":39}},"1":{"start":{"line":2,"column":23},"end":{"line":2,"column":57}},"2":{"start":{"line":3,"column":25},"end":{"line":3,"column":50}},"3":{"start":{"line":6,"column":2},"end":{"line":7,"column":27}},"4":{"start":{"line":10,"column":23},"end":{"line":14,"column":1}},"5":{"start":{"line":11,"column":2},"end":{"line":13,"column":28}},"6":{"start":{"line":17,"column":0},"end":{"line":40,"column":1}},"7":{"start":{"line":19,"column":20},"end":{"line":19,"column":38}},"8":{"start":{"line":22,"column":18},"end":{"line":22,"column":34}},"9":{"start":{"line":23,"column":2},"end":{"line":39,"column":38}},"10":{"start":{"line":32,"column":4},"end":{"line":32,"column":83}},"11":{"start":{"line":32,"column":24},"end":{"line":32,"column":83}},"12":{"start":{"line":33,"column":19},"end":{"line":33,"column":43}},"13":{"start":{"line":34,"column":4},"end":{"line":34,"column":33}},"14":{"start":{"line":35,"column":4},"end":{"line":35,"column":20}},"15":{"start":{"line":38,"column":20},"end":{"line":38,"column":46}},"16":{"start":{"line":39,"column":20},"end":{"line":39,"column":35}},"17":{"start":{"line":42,"column":0},"end":{"line":77,"column":1}},"18":{"start":{"line":45,"column":23},"end":{"line":45,"column":33}},"19":{"start":{"line":47,"column":18},"end":{"line":47,"column":34}},"20":{"start":{"line":49,"column":16},"end":{"line":58,"column":5}},"21":{"start":{"line":60,"column":17},"end":{"line":63,"column":3}},"22":{"start":{"line":65,"column":2},"end":{"line":75,"column":37}},"23":{"start":{"line":68,"column":4},"end":{"line":68,"column":85}},"24":{"start":{"line":68,"column":24},"end":{"line":68,"column":85}},"25":{"start":{"line":69,"column":19},"end":{"line":69,"column":43}},"26":{"start":{"line":70,"column":4},"end":{"line":70,"column":44}},"27":{"start":{"line":71,"column":4},"end":{"line":71,"column":20}},"28":{"start":{"line":74,"column":20},"end":{"line":74,"column":46}},"29":{"start":{"line":75,"column":19},"end":{"line":75,"column":34}}},"fnMap":{"0":{"name":"get_author_id","decl":{"start":{"line":5,"column":9},"end":{"line":5,"column":22}},"loc":{"start":{"line":5,"column":28},"end":{"line":8,"column":1}},"line":5},"1":{"name":"(anonymous_1)","decl":{"start":{"line":10,"column":23},"end":{"line":10,"column":24}},"loc":{"start":{"line":10,"column":32},"end":{"line":14,"column":1}},"line":10},"2":{"name":"(anonymous_2)","decl":{"start":{"line":17,"column":21},"end":{"line":17,"column":22}},"loc":{"start":{"line":17,"column":35},"end":{"line":40,"column":1}},"line":17},"3":{"name":"(anonymous_3)","decl":{"start":{"line":30,"column":9},"end":{"line":30,"column":10}},"loc":{"start":{"line":30,"column":24},"end":{"line":37,"column":4}},"line":30},"4":{"name":"(anonymous_4)","decl":{"start":{"line":38,"column":9},"end":{"line":38,"column":10}},"loc":{"start":{"line":38,"column":18},"end":{"line":38,"column":48}},"line":38},"5":{"name":"(anonymous_5)","decl":{"start":{"line":39,"column":12},"end":{"line":39,"column":13}},"loc":{"start":{"line":39,"column":18},"end":{"line":39,"column":37}},"line":39},"6":{"name":"(anonymous_6)","decl":{"start":{"line":42,"column":29},"end":{"line":42,"column":30}},"loc":{"start":{"line":42,"column":43},"end":{"line":77,"column":1}},"line":42},"7":{"name":"(anonymous_7)","decl":{"start":{"line":66,"column":9},"end":{"line":66,"column":10}},"loc":{"start":{"line":66,"column":24},"end":{"line":73,"column":4}},"line":66},"8":{"name":"(anonymous_8)","decl":{"start":{"line":74,"column":9},"end":{"line":74,"column":10}},"loc":{"start":{"line":74,"column":18},"end":{"line":74,"column":48}},"line":74},"9":{"name":"(anonymous_9)","decl":{"start":{"line":75,"column":11},"end":{"line":75,"column":12}},"loc":{"start":{"line":75,"column":17},"end":{"line":75,"column":36}},"line":75}},"branchMap":{"0":{"loc":{"start":{"line":6,"column":9},"end":{"line":7,"column":27}},"type":"binary-expr","locations":[{"start":{"line":6,"column":9},"end":{"line":6,"column":28}},{"start":{"line":7,"column":7},"end":{"line":7,"column":27}}],"line":6},"1":{"loc":{"start":{"line":11,"column":9},"end":{"line":13,"column":28}},"type":"binary-expr","locations":[{"start":{"line":11,"column":9},"end":{"line":11,"column":21}},{"start":{"line":12,"column":7},"end":{"line":12,"column":27}},{"start":{"line":13,"column":7},"end":{"line":13,"column":28}}],"line":11},"2":{"loc":{"start":{"line":32,"column":4},"end":{"line":32,"column":83}},"type":"if","locations":[{"start":{"line":32,"column":4},"end":{"line":32,"column":83}},{"start":{"line":32,"column":4},"end":{"line":32,"column":83}}],"line":32},"3":{"loc":{"start":{"line":55,"column":6},"end":{"line":55,"column":63}},"type":"cond-expr","locations":[{"start":{"line":55,"column":24},"end":{"line":55,"column":58}},{"start":{"line":55,"column":61},"end":{"line":55,"column":63}}],"line":55},"4":{"loc":{"start":{"line":68,"column":4},"end":{"line":68,"column":85}},"type":"if","locations":[{"start":{"line":68,"column":4},"end":{"line":68,"column":85}},{"start":{"line":68,"column":4},"end":{"line":68,"column":85}}],"line":68}},"s":{"0":1,"1":1,"2":1,"3":0,"4":1,"5":0,"6":1,"7":0,"8":0,"9":0,"10":0,"11":0,"12":0,"13":0,"14":0,"15":0,"16":0,"17":1,"18":0,"19":0,"20":0,"21":0,"22":0,"23":0,"24":0,"25":0,"26":0,"27":0,"28":0,"29":0},"f":{"0":0,"1":0,"2":0,"3":0,"4":0,"5":0,"6":0,"7":0,"8":0,"9":0},"b":{"0":[0,0],"1":[0,0,0],"2":[0,0],"3":[0,0],"4":[0,0]},"_coverageSchema":"1a1c01bbd47fc00a2c39e90264f33305004495a9","hash":"2cde4798f55433a5fe40c2bd8a22859011f90e94","contentHash":"5c629a43a2cd7ee3963d20cff48f40cbcb62106c846effa0d8e6c2b220305ad7"},"/home/moreillon/node/cms/controllers/v3/comments.js":{"path":"/home/moreillon/node/cms/controllers/v3/comments.js","statementMap":{"0":{"start":{"line":1,"column":17},"end":{"line":1,"column":39}},"1":{"start":{"line":2,"column":23},"end":{"line":2,"column":57}},"2":{"start":{"line":4,"column":0},"end":{"line":35,"column":1}},"3":{"start":{"line":7,"column":16},"end":{"line":7,"column":32}},"4":{"start":{"line":8,"column":2},"end":{"line":34,"column":37}},"5":{"start":{"line":27,"column":4},"end":{"line":27,"column":34}},"6":{"start":{"line":28,"column":4},"end":{"line":28,"column":28}},"7":{"start":{"line":31,"column":4},"end":{"line":31,"column":22}},"8":{"start":{"line":32,"column":4},"end":{"line":32,"column":60}},"9":{"start":{"line":34,"column":19},"end":{"line":34,"column":34}},"10":{"start":{"line":37,"column":0},"end":{"line":68,"column":1}},"11":{"start":{"line":39,"column":16},"end":{"line":39,"column":32}},"12":{"start":{"line":40,"column":2},"end":{"line":67,"column":37}},"13":{"start":{"line":60,"column":4},"end":{"line":60,"column":138}},"14":{"start":{"line":60,"column":37},"end":{"line":60,"column":138}},"15":{"start":{"line":61,"column":4},"end":{"line":61,"column":44}},"16":{"start":{"line":64,"column":4},"end":{"line":64,"column":22}},"17":{"start":{"line":65,"column":4},"end":{"line":65,"column":60}},"18":{"start":{"line":67,"column":19},"end":{"line":67,"column":34}},"19":{"start":{"line":70,"column":0},"end":{"line":98,"column":1}},"20":{"start":{"line":73,"column":19},"end":{"line":74,"column":28}},"21":{"start":{"line":76,"column":16},"end":{"line":76,"column":32}},"22":{"start":{"line":77,"column":2},"end":{"line":96,"column":37}},"23":{"start":{"line":91,"column":20},"end":{"line":91,"column":44}},"24":{"start":{"line":93,"column":4},"end":{"line":93,"column":22}},"25":{"start":{"line":94,"column":4},"end":{"line":94,"column":60}},"26":{"start":{"line":96,"column":19},"end":{"line":96,"column":34}}},"fnMap":{"0":{"name":"(anonymous_0)","decl":{"start":{"line":4,"column":25},"end":{"line":4,"column":26}},"loc":{"start":{"line":4,"column":39},"end":{"line":35,"column":1}},"line":4},"1":{"name":"(anonymous_1)","decl":{"start":{"line":26,"column":8},"end":{"line":26,"column":9}},"loc":{"start":{"line":26,"column":18},"end":{"line":29,"column":4}},"line":26},"2":{"name":"(anonymous_2)","decl":{"start":{"line":30,"column":9},"end":{"line":30,"column":10}},"loc":{"start":{"line":30,"column":18},"end":{"line":33,"column":3}},"line":30},"3":{"name":"(anonymous_3)","decl":{"start":{"line":34,"column":11},"end":{"line":34,"column":12}},"loc":{"start":{"line":34,"column":17},"end":{"line":34,"column":36}},"line":34},"4":{"name":"(anonymous_4)","decl":{"start":{"line":37,"column":25},"end":{"line":37,"column":26}},"loc":{"start":{"line":37,"column":39},"end":{"line":68,"column":1}},"line":37},"5":{"name":"(anonymous_5)","decl":{"start":{"line":59,"column":8},"end":{"line":59,"column":9}},"loc":{"start":{"line":59,"column":18},"end":{"line":62,"column":3}},"line":59},"6":{"name":"(anonymous_6)","decl":{"start":{"line":63,"column":9},"end":{"line":63,"column":10}},"loc":{"start":{"line":63,"column":18},"end":{"line":66,"column":3}},"line":63},"7":{"name":"(anonymous_7)","decl":{"start":{"line":67,"column":11},"end":{"line":67,"column":12}},"loc":{"start":{"line":67,"column":17},"end":{"line":67,"column":36}},"line":67},"8":{"name":"(anonymous_8)","decl":{"start":{"line":70,"column":31},"end":{"line":70,"column":32}},"loc":{"start":{"line":70,"column":45},"end":{"line":98,"column":1}},"line":70},"9":{"name":"(anonymous_9)","decl":{"start":{"line":91,"column":8},"end":{"line":91,"column":9}},"loc":{"start":{"line":91,"column":18},"end":{"line":91,"column":46}},"line":91},"10":{"name":"(anonymous_10)","decl":{"start":{"line":92,"column":9},"end":{"line":92,"column":10}},"loc":{"start":{"line":92,"column":18},"end":{"line":95,"column":3}},"line":92},"11":{"name":"(anonymous_11)","decl":{"start":{"line":96,"column":11},"end":{"line":96,"column":12}},"loc":{"start":{"line":96,"column":17},"end":{"line":96,"column":36}},"line":96}},"branchMap":{"0":{"loc":{"start":{"line":60,"column":4},"end":{"line":60,"column":138}},"type":"if","locations":[{"start":{"line":60,"column":4},"end":{"line":60,"column":138}},{"start":{"line":60,"column":4},"end":{"line":60,"column":138}}],"line":60},"1":{"loc":{"start":{"line":73,"column":19},"end":{"line":74,"column":28}},"type":"binary-expr","locations":[{"start":{"line":73,"column":19},"end":{"line":73,"column":31}},{"start":{"line":74,"column":7},"end":{"line":74,"column":28}}],"line":73},"2":{"loc":{"start":{"line":84,"column":38},"end":{"line":84,"column":95}},"type":"cond-expr","locations":[{"start":{"line":84,"column":56},"end":{"line":84,"column":90}},{"start":{"line":84,"column":93},"end":{"line":84,"column":95}}],"line":84}},"s":{"0":1,"1":1,"2":1,"3":0,"4":0,"5":0,"6":0,"7":0,"8":0,"9":0,"10":1,"11":0,"12":0,"13":0,"14":0,"15":0,"16":0,"17":0,"18":0,"19":1,"20":0,"21":0,"22":0,"23":0,"24":0,"25":0,"26":0},"f":{"0":0,"1":0,"2":0,"3":0,"4":0,"5":0,"6":0,"7":0,"8":0,"9":0,"10":0,"11":0},"b":{"0":[0,0],"1":[0,0],"2":[0,0]},"_coverageSchema":"1a1c01bbd47fc00a2c39e90264f33305004495a9","hash":"29c8a6193a0eac0d202dd1959904a513ab4390bb","contentHash":"8362b7d0ae2c0f5aef83cfb7d520f10ee59c27dd082e60fccab610edbdcffa3e"},"/home/moreillon/node/cms/routes/v3/tags.js":{"path":"/home/moreillon/node/cms/routes/v3/tags.js","statementMap":{"0":{"start":{"line":1,"column":16},"end":{"line":1,"column":34}},"1":{"start":{"line":2,"column":13},"end":{"line":2,"column":68}},"2":{"start":{"line":4,"column":19},"end":{"line":4,"column":58}},"3":{"start":{"line":6,"column":15},"end":{"line":6,"column":31}},"4":{"start":{"line":8,"column":28},"end":{"line":8,"column":72}},"5":{"start":{"line":11,"column":0},"end":{"line":13,"column":57}},"6":{"start":{"line":15,"column":0},"end":{"line":16,"column":34}},"7":{"start":{"line":18,"column":0},"end":{"line":22,"column":59}},"8":{"start":{"line":26,"column":0},"end":{"line":26,"column":23}}},"fnMap":{},"branchMap":{},"s":{"0":1,"1":1,"2":1,"3":1,"4":1,"5":1,"6":1,"7":1,"8":1},"f":{},"b":{},"_coverageSchema":"1a1c01bbd47fc00a2c39e90264f33305004495a9","hash":"bc9b81372eeb017fa10797d1bda33944f33fa03d","contentHash":"6c5104dcb921090125645bb21a393c59d2004111eade5fdb120e1cda6c44708f"},"/home/moreillon/node/cms/routes/v3/authors.js":{"path":"/home/moreillon/node/cms/routes/v3/authors.js","statementMap":{"0":{"start":{"line":1,"column":16},"end":{"line":1,"column":34}},"1":{"start":{"line":2,"column":13},"end":{"line":2,"column":60}},"2":{"start":{"line":4,"column":19},"end":{"line":4,"column":61}},"3":{"start":{"line":6,"column":15},"end":{"line":6,"column":31}},"4":{"start":{"line":10,"column":0},"end":{"line":10,"column":17}},"5":{"start":{"line":13,"column":0},"end":{"line":14,"column":29}},"6":{"start":{"line":16,"column":0},"end":{"line":16,"column":23}}},"fnMap":{},"branchMap":{},"s":{"0":1,"1":1,"2":1,"3":1,"4":1,"5":1,"6":1},"f":{},"b":{},"_coverageSchema":"1a1c01bbd47fc00a2c39e90264f33305004495a9","hash":"415c904c20ee99773a728c7892a940eefe418b63","contentHash":"f80b0028ac75024d1dd14927f4e77e8f302e69551fe213e0716b09dca243a7dd"}}